Pragma "constant" used at line 570, column 1.  See page 55 of PBP.  (Severity: 4)
Subroutine "EX_USAGE" does not end with "return" at line 709, column 9.  See page 197 of PBP.  (Severity: 4)
Magic variable "$SIG" should be assigned as "local" at line 719, column 13.  See pages 81,82 of PBP.  (Severity: 4)
Mixed high and low-precedence booleans at line 838, column 6.  See page 70 of PBP.  (Severity: 4)
Mixed high and low-precedence booleans at line 843, column 6.  See page 70 of PBP.  (Severity: 4)
Expression form of "grep" at line 1041, column 26.  See page 169 of PBP.  (Severity: 4)
Expression form of "grep" at line 1050, column 26.  See page 169 of PBP.  (Severity: 4)
Expression form of "map" at line 1129, column 28.  See page 169 of PBP.  (Severity: 4)
Expression form of "map" at line 1130, column 28.  See page 169 of PBP.  (Severity: 4)
Expression form of "map" at line 1134, column 3.  See page 169 of PBP.  (Severity: 4)
Expression form of "map" at line 1141, column 3.  See page 169 of PBP.  (Severity: 4)
Mixed high and low-precedence booleans at line 1192, column 6.  See page 70 of PBP.  (Severity: 4)
Subroutine "sync_flags" does not end with "return" at line 1625, column 1.  See page 197 of PBP.  (Severity: 4)
Mixed high and low-precedence booleans at line 1659, column 7.  See page 70 of PBP.  (Severity: 4)
Mixed high and low-precedence booleans at line 1694, column 14.  See page 70 of PBP.  (Severity: 4)
Always unpack @_ first at line 1724, column 1.  See page 178 of PBP.  (Severity: 4)
Subroutine "tests_max" does not end with "return" at line 1730, column 1.  See page 197 of PBP.  (Severity: 4)
Subroutine "tests_command_line_nopassword" does not end with "return" at line 1840, column 1.  See page 197 of PBP.  (Severity: 4)
Subroutine "catch_exit" does not end with "return" at line 1869, column 1.  See page 197 of PBP.  (Severity: 4)
Subroutine "catch_continue" does not end with "return" at line 1876, column 1.  See page 197 of PBP.  (Severity: 4)
Subroutine "justconnect" does not end with "return" at line 1901, column 1.  See page 197 of PBP.  (Severity: 4)
Subroutine "relogin1" does not end with "return" at line 1916, column 1.  See page 197 of PBP.  (Severity: 4)
Subroutine "relogin2" does not end with "return" at line 1927, column 1.  See page 197 of PBP.  (Severity: 4)
Subroutine "banner_imapsync" does not end with "return" at line 2153, column 1.  See page 197 of PBP.  (Severity: 4)
Always unpack @_ first at line 2206, column 1.  See page 178 of PBP.  (Severity: 4)
Subroutine "missing_option" does not end with "return" at line 2211, column 1.  See page 197 of PBP.  (Severity: 4)
Subroutine "tests_folder_routines" does not end with "return" at line 2276, column 1.  See page 197 of PBP.  (Severity: 4)
Subroutine "is_requested_folder" does not end with "return" at line 2292, column 1.  See page 197 of PBP.  (Severity: 4)
Subroutine "tests_compare_lists" does not end with "return" at line 2351, column 1.  See page 197 of PBP.  (Severity: 4)
Subroutine "get_prefix" does not end with "return" at line 2402, column 1.  See page 197 of PBP.  (Severity: 4)
Subroutine "get_separator" does not end with "return" at line 2428, column 1.  See page 197 of PBP.  (Severity: 4)
Always unpack @_ first at line 2491, column 1.  See page 178 of PBP.  (Severity: 4)
Subroutine "tests_imap2_folder_name" does not end with "return" at line 2506, column 1.  See page 197 of PBP.  (Severity: 4)
Always unpack @_ first at line 2558, column 1.  See page 178 of PBP.  (Severity: 4)
Expression form of "eval" at line 2574, column 3.  See page 161 of PBP.  (Severity: 5)
Subroutine "tests_decompose_regex" does not end with "return" at line 2581, column 1.  See page 197 of PBP.  (Severity: 4)
Mixed high and low-precedence booleans at line 2613, column 22.  See page 70 of PBP.  (Severity: 4)
Mixed high and low-precedence booleans at line 2617, column 22.  See page 70 of PBP.  (Severity: 4)
Subroutine "tests_flags_regex" does not end with "return" at line 2680, column 1.  See page 197 of PBP.  (Severity: 4)
Expression form of "eval" at line 2787, column 3.  See page 161 of PBP.  (Severity: 5)
Subroutine "acls_sync" does not end with "return" at line 2794, column 1.  See page 197 of PBP.  (Severity: 4)
Subroutine "tests_permanentflags" does not end with "return" at line 2817, column 1.  See page 197 of PBP.  (Severity: 4)
Subroutine "permanentflags" does not end with "return" at line 2833, column 1.  See page 197 of PBP.  (Severity: 4)
Subroutine "tests_flags_filter" does not end with "return" at line 2848, column 1.  See page 197 of PBP.  (Severity: 4)
Subroutine "tests_flagsCase" does not end with "return" at line 2885, column 1.  See page 197 of PBP.  (Severity: 4)
Subroutine "tests_ucsecond" does not end with "return" at line 2908, column 1.  See page 197 of PBP.  (Severity: 4)
Mixed high and low-precedence booleans at line 2928, column 14.  See page 70 of PBP.  (Severity: 4)
Mixed high and low-precedence booleans at line 2945, column 22.  See page 70 of PBP.  (Severity: 4)
Warnings disabled at line 3124, column 4.  See page 431 of PBP.  (Severity: 4)
Always unpack @_ first at line 3177, column 1.  See page 178 of PBP.  (Severity: 4)
Subroutine "tests_time_remaining" does not end with "return" at line 3199, column 1.  See page 197 of PBP.  (Severity: 4)
Subroutine "tests_cache_map" does not end with "return" at line 3250, column 1.  See page 197 of PBP.  (Severity: 4)
Subroutine "tests_cache_dir_fix" does not end with "return" at line 3294, column 1.  See page 197 of PBP.  (Severity: 4)
Always unpack @_ first at line 3302, column 1.  See page 178 of PBP.  (Severity: 4)
Subroutine "tests_get_cache" does not end with "return" at line 3332, column 1.  See page 197 of PBP.  (Severity: 4)
Mixed high and low-precedence booleans at line 3335, column 8.  See page 70 of PBP.  (Severity: 4)
Mixed high and low-precedence booleans at line 3384, column 8.  See page 70 of PBP.  (Severity: 4)
Subroutine "tests_match_a_cache_file" does not end with "return" at line 3433, column 1.  See page 197 of PBP.  (Severity: 4)
Mixed high and low-precedence booleans at line 3475, column 3.  See page 70 of PBP.  (Severity: 4)
Subroutine "tests_clean_cache" does not end with "return" at line 3492, column 1.  See page 197 of PBP.  (Severity: 4)
Mixed high and low-precedence booleans at line 3494, column 8.  See page 70 of PBP.  (Severity: 4)
Subroutine "tests_clean_cache_2" does not end with "return" at line 3542, column 1.  See page 197 of PBP.  (Severity: 4)
Mixed high and low-precedence booleans at line 3544, column 8.  See page 70 of PBP.  (Severity: 4)
Subroutine "tests_mkpath" does not end with "return" at line 3598, column 1.  See page 197 of PBP.  (Severity: 4)
Subroutine "tests_touch" does not end with "return" at line 3606, column 1.  See page 197 of PBP.  (Severity: 4)
Subroutine "new" called using indirect syntax at line 3623, column 13.  See page 349 of PBP.  (Severity: 4)
Subroutine "tests_cache_folder" does not end with "return" at line 3634, column 1.  See page 197 of PBP.  (Severity: 4)
Subroutine "tests_filter_forbidden_characters" does not end with "return" at line 3664, column 1.  See page 197 of PBP.  (Severity: 4)
Subroutine "tests_convert_sep_to_slash" does not end with "return" at line 3681, column 1.  See page 197 of PBP.  (Severity: 4)
Subroutine "tests_regexmess" does not end with "return" at line 3693, column 1.  See page 197 of PBP.  (Severity: 4)
Expression form of "eval" at line 3762, column 3.  See page 161 of PBP.  (Severity: 5)
Subroutine "stats" does not end with "return" at line 3785, column 1.  See page 197 of PBP.  (Severity: 4)
Subroutine "get_options" does not end with "return" at line 3853, column 1.  See page 197 of PBP.  (Severity: 4)
Mixed high and low-precedence booleans at line 4005, column 30.  See page 70 of PBP.  (Severity: 4)
Subroutine "load_modules" does not end with "return" at line 4013, column 1.  See page 197 of PBP.  (Severity: 4)
Subroutine "parse_header_msg" does not end with "return" at line 4033, column 1.  See page 197 of PBP.  (Severity: 4)
Mixed high and low-precedence booleans at line 4058, column 27.  See page 70 of PBP.  (Severity: 4)
Subroutine "string_to_file" does not end with "return" at line 4142, column 1.  See page 197 of PBP.  (Severity: 4)
Subroutine "tests_is_a_release_number" does not end with "return" at line 4149, column 1.  See page 197 of PBP.  (Severity: 4)
Subroutine "is_a_release_number" does not end with "return" at line 4157, column 1.  See page 197 of PBP.  (Severity: 4)
Subroutine "tests_imapsync_basename" does not end with "return" at line 4187, column 1.  See page 197 of PBP.  (Severity: 4)
Subroutine "new" called using indirect syntax at line 4207, column 13.  See page 349 of PBP.  (Severity: 4)
Subroutine "usage" does not end with "return" at line 4281, column 1.  See page 197 of PBP.  (Severity: 4)
Subroutine "usage_complete" does not end with "return" at line 4495, column 1.  See page 197 of PBP.  (Severity: 4)
Always unpack @_ first at line 4524, column 1.  See page 178 of PBP.  (Severity: 4)
Subroutine "memory_consumption_of_pids" does not end with "return" at line 4524, column 1.  See page 197 of PBP.  (Severity: 4)
Subroutine "tests_remove_not_num" does not end with "return" at line 4581, column 1.  See page 197 of PBP.  (Severity: 4)
Subroutine "tests_memory_consumption" does not end with "return" at line 4615, column 1.  See page 197 of PBP.  (Severity: 4)
Subroutine "tests_good_date" does not end with "return" at line 4731, column 1.  See page 197 of PBP.  (Severity: 4)
Subroutine "tests_list_keys_in_2_not_in_1" does not end with "return" at line 4764, column 1.  See page 197 of PBP.  (Severity: 4)
Subroutine "delete_folders_in_2_not_in_1" does not end with "return" at line 4801, column 1.  See page 197 of PBP.  (Severity: 4)
Expression form of "eval" at line 4806, column 43.  See page 161 of PBP.  (Severity: 5)
Expression form of "eval" at line 4810, column 45.  See page 161 of PBP.  (Severity: 5)
Subroutine "tests_extract_header" does not end with "return" at line 4834, column 1.  See page 197 of PBP.  (Severity: 4)
Subroutine "tests_decompose_header" does not end with "return" at line 4879, column 1.  See page 197 of PBP.  (Severity: 4)
Subroutine "tests_epoch" does not end with "return" at line 4991, column 1.  See page 197 of PBP.  (Severity: 4)
Subroutine "tests_add_header" does not end with "return" at line 5005, column 1.  See page 197 of PBP.  (Severity: 4)
Subroutine "tests_debug" does not end with "return" at line 5012, column 1.  See page 197 of PBP.  (Severity: 4)
Subroutine "tests" does not end with "return" at line 5020, column 1.  See page 197 of PBP.  (Severity: 4)
Always unpack @_ first at line 5065, column 1.  See page 178 of PBP.  (Severity: 4)
Always unpack @_ first at line 5072, column 1.  See page 178 of PBP.  (Severity: 4)
Always unpack @_ first at line 5080, column 1.  See page 178 of PBP.  (Severity: 4)
Subroutine "capability_update" does not end with "return" at line 5087, column 1.  See page 197 of PBP.  (Severity: 4)
