Main code has high complexity score (350) at line 1, column 1.  Consider refactoring.  (Severity: 3)
Expression form of "map" at line 1101, column 51.  See page 169 of PBP.  (Severity: 4)
Expression form of "map" at line 1111, column 51.  See page 169 of PBP.  (Severity: 4)
Code structure is deeply nested at line 1547, column 41.  Consider refactoring.  (Severity: 3)
Too many arguments at line 1727, column 1.  See page 182 of PBP.  (Severity: 3)
Too many arguments at line 1745, column 1.  See page 182 of PBP.  (Severity: 3)
Too many arguments at line 1755, column 1.  See page 182 of PBP.  (Severity: 3)
Too many arguments at line 1989, column 1.  See page 182 of PBP.  (Severity: 3)
Too many arguments at line 2047, column 1.  See page 182 of PBP.  (Severity: 3)
Too many arguments at line 2106, column 1.  See page 182 of PBP.  (Severity: 3)
Too many arguments at line 2197, column 1.  See page 182 of PBP.  (Severity: 3)
Reused variable name in lexical scope: $imap2 at line 2489, column 9.  Invent unique variable names.  (Severity: 3)
Regular expression without "/x" flag at line 2505, column 20.  See page 236 of PBP.  (Severity: 3)
Mixed high and low-precedence booleans at line 2506, column 12.  See page 70 of PBP.  (Severity: 4)
Expression form of "eval" at line 2929, column 13.  See page 161 of PBP.  (Severity: 5)
Expression form of "eval" at line 3148, column 13.  See page 161 of PBP.  (Severity: 5)
Subroutine "select_msgs" does not end with "return" at line 3289, column 1.  See page 197 of PBP.  (Severity: 4)
Subroutine "tests_msgs_from_maxmin" does not end with "return" at line 3428, column 1.  See page 197 of PBP.  (Severity: 4)
Subroutine "copy_message" with high complexity score (30) at line 3505, column 1.  Consider refactoring.  (Severity: 3)
Too many arguments at line 3505, column 1.  See page 182 of PBP.  (Severity: 3)
Too many arguments at line 3596, column 1.  See page 182 of PBP.  (Severity: 3)
Subroutine "tests_subject" does not end with "return" at line 3690, column 1.  See page 197 of PBP.  (Severity: 4)
Too many arguments at line 3753, column 1.  See page 182 of PBP.  (Severity: 3)
Subroutine "sleep_if_needed" does not end with "return" at line 3809, column 1.  See page 197 of PBP.  (Severity: 4)
Reused variable name in lexical scope: $total_bytes_transferred at line 3810, column 2.  Invent unique variable names.  (Severity: 3)
Reused variable name in lexical scope: $nb_msg_transferred at line 3810, column 2.  Invent unique variable names.  (Severity: 3)
Reused variable name in lexical scope: $nb_msg_transferred at line 3822, column 9.  Invent unique variable names.  (Severity: 3)
Reused variable name in lexical scope: $maxmessagespersecond at line 3822, column 9.  Invent unique variable names.  (Severity: 3)
Reused variable name in lexical scope: $total_bytes_transferred at line 3843, column 9.  Invent unique variable names.  (Severity: 3)
Reused variable name in lexical scope: $maxbytespersecond at line 3843, column 9.  Invent unique variable names.  (Severity: 3)
Mismatched operator at line 4311, column 75.  Numeric/string operators and operands should match.  (Severity: 3)
Hard tabs used at line 4395, column 10.  See page 20 of PBP.  (Severity: 3)
Expression form of "eval" at line 4666, column 13.  See page 161 of PBP.  (Severity: 5)
Too many arguments at line 4821, column 1.  See page 182 of PBP.  (Severity: 3)
Expression form of "eval" at line 5453, column 43.  See page 161 of PBP.  (Severity: 5)
Expression form of "eval" at line 5457, column 45.  See page 161 of PBP.  (Severity: 5)
"$i" is declared but not used at line 5721, column 9.  Unused variables clutter code and make it harder to read.  (Severity: 3)
