time elapsed (wall):   6.5301
time running program:  6.2874  (96.28%)
time profiling (est.): 0.2420  (3.71%)
missing time:          0.0007  (0.01%)
number of calls:       18150

%Time    Sec.     #calls   sec/call  F  name
31.82    2.0003        1   2.000343     Time::HiRes::sleep
14.76    0.9280        0   0.927960  *  <other>
 6.53    0.4107      686   0.000599     Mail::IMAPClient::__read_more
 3.95    0.2481        3   0.082698     main::memory_consumption_of_pids
 2.65    0.1667       40   0.004167     Mail::IMAPClient::_read_line
 2.40    0.1511        1   0.151053     main::modules_VERSION
 1.66    0.1045      686   0.000152     Mail::IMAPClient::_sysread
 1.44    0.0904        1   0.090377     <anon>:./imapsync:700
 1.22    0.0764        1   0.076397     main::copy_message
 1.21    0.0760        1   0.075999     <anon>:...erl/5.14.2/Data/Uniqid.pm:25
 1.01    0.0632       40   0.001581     Mail::IMAPClient::_get_response
 1.01    0.0632        1   0.063219     main::message_for_host2
 0.92    0.0577       28   0.002060     DynaLoader::dl_load_file
 0.91    0.0570        1   0.057039     <anon>:...re/perl5/LWP/UserAgent.pm:10
 0.84    0.0531      737   0.000072     Mail::IMAPClient::_list_or_lsub_response_parse
 0.84    0.0528        3   0.017595     IO::Socket::connect
 0.77    0.0484        1   0.048437     <anon>:.../5.14/Math/BigInt.pm:2763]:1
 0.76    0.0475      686   0.000069     Mail::IMAPClient::_read_more
 0.67    0.0419      568   0.000074     Unicode::String::utf7
 0.64    0.0401        3   0.013379     Socket::inet_aton
 0.60    0.0375        1   0.037507     <anon>:./imapsync:694
 0.59    0.0373        1   0.037313     <anon>:...rl5/Test/Builder/Module.pm:5
 0.59    0.0369      148   0.000250     Exporter::import
 0.55    0.0349      701   0.000050     Mail::IMAPClient::_debug
 0.55    0.0347        1   0.034747     Mail::IMAPClient::message_string
 0.54    0.0340        1   0.033960     <anon>:.../Uncompress/RawInflate.pm:11
 0.51    0.0322        1   0.032211     main::append_message_on_host2
 0.50    0.0311        1   0.031145     main::imapsync_version_public
 0.49    0.0311      871   0.000036     <anon>:.../lib/Mail/IMAPClient.pm:1327
 0.45    0.0281       38   0.000741     Mail::IMAPClient::_send_bytes
 0.43    0.0273      639   0.000043     <anon>:.../lib/Mail/IMAPClient.pm:1793
 0.42    0.0264        1   0.026380     <anon>:...re/perl5/Compress/Zlib.pm:10
 0.40    0.0249        1   0.024881     <anon>:./imapsync:683
 0.38    0.0241       85   0.000284     IO::Tee::PRINT
 0.35    0.0222        1   0.022171     <anon>:./imapsync:696
 0.34    0.0215        6   0.003583     Mail::IMAPClient::_escaped_trans_data
 0.34    0.0214        5   0.004276     Mail::IMAPClient::_folders_or_subscribed
 0.33    0.0210       27   0.000777     Exporter::export
 0.33    0.0208      874   0.000024     Mail::IMAPClient::_record
 0.32    0.0202        1   0.020197     <anon>:...IO/Compress/RawDeflate.pm:10
 0.31    0.0194        1   0.019444     <anon>:./imapsync:704
 0.29    0.0184      639   0.000029     <anon>:.../lib/Mail/IMAPClient.pm:1750
 0.28    0.0177      989   0.000018     UNIVERSAL::isa
 0.27    0.0172      639   0.000027     <anon>:.../lib/Mail/IMAPClient.pm:1742
 0.27    0.0167      116   0.000144     constant::import
 0.26    0.0166      284   0.000058     main::imap_utf7_decode
 0.26    0.0162        1   0.016195     <anon>:...re/perl5/Compress/Zlib.pm:11
 0.24    0.0154        1   0.015399     <anon>:...are/perl/5.14/File/Path.pm:6
 0.23    0.0147        1   0.014704     <anon>:...re/perl5/IO/Socket/SSL.pm:94
 0.23    0.0145        1   0.014507     <anon>:...l5/File/Copy/Recursive.pm:11
 0.22    0.0140      732   0.000019     Mail::IMAPClient::Unescape
 0.21    0.0132      158   0.000083     Getopt::Long::ParseOptionSpec
 0.20    0.0128        1   0.012769     <anon>:./imapsync:692
 0.20    0.0126       38   0.000332     Mail::IMAPClient::_imap_command_do
 0.20    0.0123      836   0.000015     Mail::IMAPClient::_is_output
 0.19    0.0121        1   0.012128     <anon>:./imapsync:690
 0.19    0.0121      284   0.000042     main::jux_utf8
 0.19    0.0117        1   0.011728     <anon>:./imapsync:707
 0.19    0.0117      294   0.000040     Unicode::String::append
 0.19    0.0116        1   0.011648     <anon>:...are/perl5/HTTP/Response.pm:8
 0.17    0.0109        1   0.010912     main::teelaunch
 0.17    0.0106        1   0.010647     <anon>:...b/perl/5.14/IO/Seekable.pm:9
 0.16    0.0103        9   0.001141     Getopt::Long::FindOption
 0.15    0.0095        1   0.009472     JSON::_load_xs
 0.15    0.0094        1   0.009421     <anon>:.../perl5/Digest/HMAC_SHA1.pm:5
 0.15    0.0093        1   0.009300     <anon>:...ib/perl/5.14/IO/Socket.pm:12
 0.15    0.0092        1   0.009200     Getopt::Long::GetOptions
 0.14    0.0091       80   0.000114     Mail::IMAPClient::Socket
 0.14    0.0090      745   0.000012     Mail::IMAPClient::_is_literal
 0.14    0.0087        1   0.008684     <anon>:./imapsync:682
 0.14    0.0087        1   0.008663     <anon>:./imapsync:699
 0.14    0.0086      138   0.000062     main::prefix_seperator_invertion
 0.14    0.0085        1   0.008549     <anon>:...IO/Compress/Base/Common.pm:9
 0.14    0.0085        1   0.008512     <anon>:...re/perl/5.14/File/Copy.pm:13
 0.13    0.0083      138   0.000060     main::imap2_folder_name
 0.13    0.0079        1   0.007925     <anon>:...re/perl5/Compress/Zlib.pm:13
 0.13    0.0079        1   0.007890     <anon>:...re/perl5/LWP/UserAgent.pm:11
 0.12    0.0078       21   0.000371     XSLoader::load
 0.12    0.0077       53   0.000146     vars::import
 0.12    0.0076        1   0.007559     <anon>:...re/perl5/Compress/Zlib.pm:12
 0.12    0.0073        8   0.000917     AutoLoader::import
 0.12    0.0073        3   0.002439     main::jux_utf8_list
 0.12    0.0073        1   0.007303     <anon>:...share/perl5/Authen/NTLM.pm:3
 0.11    0.0068        1   0.006799     <anon>:...5/IO/Uncompress/Gunzip.pm:12
 0.11    0.0068        1   0.006762     <anon>:./imapsync:689
 0.11    0.0067        1   0.006750     Net::SSLeay::load_error_strings
 0.11    0.0067      294   0.000023     Unicode::String::latin1
 0.10    0.0065        1   0.006464     <anon>:...perl5/IO/Compress/Gzip.pm:11
 0.10    0.0065        1   0.006458     <anon>:./imapsync:698
 0.10    0.0064        1   0.006418     <anon>:./imapsync:703
 0.10    0.0064        1   0.006403     <anon>:...re/perl5/IO/Socket/SSL.pm:18
 0.10    0.0060        1   0.006022     <anon>:...r/share/perl5/JSON.pm:252]:2
 0.10    0.0060        1   0.006016     main::good_date
 0.09    0.0060        1   0.005973     <anon>:...38/lib/Mail/IMAPClient.pm:15
 0.09    0.0060       52   0.000115     IO::Tee::PRINTF
 0.09    0.0059       38   0.000155     Mail::IMAPClient::_send_line
 0.09    0.0059      284   0.000021     Unicode::String::new
 0.09    0.0058        1   0.005775     <anon>:...re/perl5/LWP/UserAgent.pm:15
 0.09    0.0058        1   0.005758     <anon>:...re/perl5/LWP/UserAgent.pm:12
 0.09    0.0057        1   0.005659     <anon>:...share/perl5/Authen/NTLM.pm:4
 0.09    0.0056        1   0.005556     <anon>:./imapsync:706
 0.09    0.0055      116   0.000048     Mail::IMAPClient::Transaction
 0.09    0.0054        1   0.005388     <anon>:...usr/lib/perl/5.14/POSIX.pm:9
 0.08    0.0053        1   0.005288     <anon>:./imapsync:686
 0.08    0.0051        1   0.005109     Net::SSLeay::bootstrap
 0.08    0.0051        1   0.005101     <anon>:...l/5.14.2/JSON/WebToken.pm:14
 0.08    0.0051        1   0.005077     <anon>:...perl5/IO/Compress/Gzip.pm:15
 0.08    0.0049        1   0.004949     <anon>:...perl5/IO/Compress/Gzip.pm:16
 0.08    0.0049      138   0.000036     main::separator_invert
 0.08    0.0049      161   0.000030     <anon>:.../lib/Mail/IMAPClient.pm:1393
 0.08    0.0048        1   0.004798     <anon>:...usr/lib/perl5/Socket6.pm:215
 0.07    0.0047        1   0.004652     POSIX::AUTOLOAD
 0.07    0.0044        1   0.004431     <anon>:...perl/5.14/Getopt/Long.pm:208
 0.07    0.0044       38   0.000116     Mail::IMAPClient::_imap_command
 0.07    0.0044        1   0.004393     <anon>:...IO/Compress/RawDeflate.pm:12
 0.07    0.0043      284   0.000015     Unicode::String::utf8
 0.07    0.0041       76   0.000054     Mail::IMAPClient::Clear
 0.06    0.0039        1   0.003854     <anon>:.../Uncompress/RawInflate.pm:12
 0.06    0.0038        1   0.003779     <anon>:...l5/File/Copy/Recursive.pm:83
 0.06    0.0038        1   0.003764     <anon>:...are/perl/5.14/English.pm:187
 0.06    0.0037       72   0.000052     Mail::IMAPClient::_transaction
 0.06    0.0035        1   0.003501     <anon>:...sr/lib/perl/5.14/POSIX.pm:58
 0.05    0.0034       79   0.000043     Mail::IMAPClient::IsConnected
 0.05    0.0034        1   0.003360     <anon>:...38/lib/Mail/IMAPClient.pm:12
 0.05    0.0033        1   0.003350     <anon>:/usr/lib/perl5/JSON/XS.pm:0
 0.05    0.0033        4   0.000831     main::foldersizes
 0.05    0.0032        1   0.003205     <anon>:...erl/5.14.2/Data/Uniqid.pm:26
 0.05    0.0032        1   0.003154     <anon>:./imapsync:695
 0.05    0.0031        5   0.000628     Mail::IMAPClient::_remove_doubles
 0.05    0.0031        1   0.003103     <anon>:./imapsync:702
 0.05    0.0031        1   0.003076     <anon>:...e/perl5/IO/Socket/SSL.pm:134
 0.05    0.0030        7   0.000427     DynaLoader::bootstrap
 0.05    0.0029        2   0.001448     main::guess_separator
 0.04    0.0028        1   0.002824     <anon>:...r/lib/perl/5.14/IO/File.pm:9
 0.04    0.0028        2   0.001395     main::guess_prefix
 0.04    0.0027       37   0.000074     UNIVERSAL::VERSION
 0.04    0.0027      122   0.000022     Mail::IMAPClient::State
 0.04    0.0027       40   0.000068     Mail::IMAPClient::_response_code_sub
 0.04    0.0027        7   0.000389     Net::SSLeay::AUTOLOAD
 0.04    0.0027        1   0.002703     <anon>:...lib/perl/5.14/File/Glob.pm:7
 0.04    0.0026       47   0.000054     <anon>:.../lib/Mail/IMAPClient.pm:1657
 0.04    0.0026        1   0.002551     <anon>:.../perl/5.14/Data/Dumper.pm:34
 0.04    0.0025      114   0.000022     <anon>:.../lib/Mail/IMAPClient.pm:1226
 0.04    0.0024        1   0.002437     <anon>:.../perl5/Digest/HMAC_SHA1.pm:6
 0.04    0.0024        3   0.000808     Mail::IMAPClient::folders
 0.04    0.0024        1   0.002397     <anon>:...e/perl5/Module/Runtime.pm:51
 0.04    0.0023       38   0.000062     <anon>:.../lib/Mail/IMAPClient.pm:1594
 0.04    0.0023       40   0.000058     Mail::IMAPClient::_next_index
 0.04    0.0023      138   0.000017     main::regextrans2
 0.04    0.0023        1   0.002260     JSON::XS::bootstrap
 0.04    0.0022       72   0.000031     <anon>:.../lib/Mail/IMAPClient.pm:1893
 0.03    0.0021       38   0.000055     Mail::IMAPClient::_trans_index
 0.03    0.0021        1   0.002056     <anon>:.../share/perl5/Test/More.pm:23
 0.03    0.0019        1   0.001920     <anon>:...ib/perl/5.14/Digest/SHA.pm:7
 0.03    0.0019       96   0.000020     strict::import
 0.03    0.0019        1   0.001888     <anon>:.../lib/perl/5.14/IO/File.pm:11
 0.03    0.0019        9   0.000207     overload::OVERLOAD
 0.03    0.0019       16   0.000116     Mail::IMAPClient::capability
 0.03    0.0018       47   0.000038     strict::unimport
 0.03    0.0018        1   0.001755     <anon>:...usr/lib/perl5/JSON/XS.pm:104
 0.03    0.0017       76   0.000023     <anon>:.../lib/Mail/IMAPClient.pm:1321
 0.03    0.0017       35   0.000049     Exporter::as_heavy
 0.03    0.0016        4   0.000405     Mail::IMAPClient::namespace
 0.03    0.0016        1   0.001612     <anon>:./imapsync:685
 0.03    0.0016        2   0.000797     Mail::IMAPClient::subscribed
 0.02    0.0016        5   0.000311     warnings::register_categories
 0.02    0.0015        1   0.001537     main::stats
 0.02    0.0015       76   0.000020     Mail::IMAPClient::LastError
 0.02    0.0015        1   0.001488     <anon>:./imapsync:684
 0.02    0.0015        1   0.001466     POSIX::bootstrap
 0.02    0.0015        1   0.001455     <anon>:...l/5.14.2/JSON/WebToken.pm:16
 0.02    0.0014        2   0.000695     AutoLoader::AUTOLOAD
 0.02    0.0014       26   0.000053     Mail::IMAPClient::_trans_data
 0.02    0.0014        1   0.001374     <anon>:...rl/5.14.2/JSON/WebToken.pm:9
 0.02    0.0013        1   0.001343     <anon>:...erl5/Crypt/OpenSSL/RSA.pm:17
 0.02    0.0013        1   0.001320     Math::BigInt::import
 0.02    0.0013        2   0.000648     JSON::Boolean::_overrride_overload
 0.02    0.0013        6   0.000215     Mail::IMAPClient::search
 0.02    0.0012       47   0.000026     <anon>:.../lib/Mail/IMAPClient.pm:1662
 0.02    0.0012        1   0.001199     <anon>:...lib/perl/5.14/IO/Handle.pm:9
 0.02    0.0012        1   0.001192     <anon>:...l/5.14.2/JSON/WebToken.pm:17
 0.02    0.0012        1   0.001154     main::foldersizesatend
 0.02    0.0011        2   0.000562     <anon>:...e/perl5/Test/Builder.pm:1460
 0.02    0.0011        1   0.001113     <anon>:...perl/5.14/Data/Dumper.pm:683
 0.02    0.0011       40   0.000027     <anon>:.../lib/Mail/IMAPClient.pm:1626
 0.02    0.0011        1   0.001097     <anon>:.../lib/perl/5.14/IO/File.pm:10
 0.02    0.0011        1   0.001095     main::load_modules
 0.02    0.0011       26   0.000042     main::module_version_str
 0.02    0.0011        6   0.000181     Mail::IMAPClient::Escaped_results
 0.02    0.0011        1   0.001079     <anon>:.../Compress/Base/Common.pm:115
 0.02    0.0011        2   0.000536     Mail::IMAPClient::connect
 0.02    0.0011       28   0.000038     Mail::IMAPClient::IsUnconnected
 0.02    0.0011       48   0.000022     strict::bits
 0.02    0.0010        1   0.001018     <anon>:...5.14/Math/BigInt/Calc.pm:194
 0.02    0.0010       34   0.000030     warnings::import
 0.02    0.0010        4   0.000250     IO::Select::new
 0.02    0.0010        6   0.000166     Mail::IMAPClient::select
 0.02    0.0010        3   0.000326     IO::Socket::INET::configure
 0.02    0.0010       28   0.000035     DynaLoader::dl_install_xsub
 0.02    0.0009      116   0.000008     mro::method_changed_in
 0.01    0.0009      133   0.000007     utf8::is_utf8
 0.01    0.0009        4   0.000226     Mail::IMAPClient::fetch
 0.01    0.0009       38   0.000023     <anon>:.../lib/Mail/IMAPClient.pm:1549
 0.01    0.0009        1   0.000862  ?  main::exit_clean
 0.01    0.0008        4   0.000210     Mail::IMAPClient::_split_sequence
 0.01    0.0008       15   0.000055     warnings::unimport
 0.01    0.0008        2   0.000411     main::login_imap
 0.01    0.0008       11   0.000073     Mail::IMAPClient::_imap_uid_command
 0.01    0.0008        2   0.000403     main::init_imap
 0.01    0.0008        3   0.000261     Mail::IMAPClient::fetch_hash
 0.01    0.0008       14   0.000055     Mail::IMAPClient::has_capability
 0.01    0.0008       15   0.000052     main::bytes_display_string
 0.01    0.0008        2   0.000386     Mail::IMAPClient::separator
 0.01    0.0007        1   0.000730     main::write_pidfile
 0.01    0.0007        2   0.000357     main::list_keys_in_2_not_in_1
 0.01    0.0007      131   0.000005     Internals::SvREADONLY
 0.01    0.0007        1   0.000697     PerlIO::import
 0.01    0.0007       14   0.000049     Mail::IMAPClient::Results
 0.01    0.0007        1   0.000662     <anon>:...ib/perl/5.14/Digest/SHA.pm:8
 0.01    0.0007       12   0.000055     Mail::IMAPClient::History
 0.01    0.0007       20   0.000033     <anon>:./imapsync:2822
 0.01    0.0006        4   0.000160     AutoLoader::find_filename
 0.01    0.0006        1   0.000594     <anon>:...are/perl/5.14/English.pm:148
 0.01    0.0006        1   0.000585     Socket::bootstrap
 0.01    0.0006        1   0.000580     Mail::IMAPClient::message_to_file
 0.01    0.0006       52   0.000011     UNIVERSAL::can
 0.01    0.0006        1   0.000560     <anon>:...r/lib/perl/5.14/Errno.pm:172
 0.01    0.0006        1   0.000551     Compress::Raw::Zlib::bootstrap
 0.01    0.0005        1   0.000531     <anon>:...8/lib/Mail/IMAPClient.pm:104
 0.01    0.0005        1   0.000529     Fcntl::bootstrap
 0.01    0.0005        1   0.000505     Mail::IMAPClient::parse_headers
 0.01    0.0005        2   0.000252     main::get_separator
 0.01    0.0005        6   0.000084     Mail::IMAPClient::_list_or_lsub
 0.01    0.0005        1   0.000480     main::get_options
 0.01    0.0005        2   0.000238     Exporter::Heavy::_rebuild_cache
 0.01    0.0005        2   0.000235     base::import
 0.01    0.0005        4   0.000117     IO::Select::_update
 0.01    0.0005        3   0.000156     IO::Socket::new
 0.01    0.0005        2   0.000232     main::get_prefix
 0.01    0.0005        2   0.000227     IO::Handle::close
 0.01    0.0004       13   0.000035     Mail::IMAPClient::Quote
 0.01    0.0004        2   0.000225     main::firstline
 0.01    0.0004        2   0.000220     Mail::IMAPClient::login
 0.01    0.0004        1   0.000438     Digest::SHA::bootstrap
 0.01    0.0004        2   0.000219     Mail::IMAPClient::_load_module
 0.01    0.0004        9   0.000047     overload::import
 0.01    0.0004        3   0.000138     IO::Socket::socket
 0.01    0.0004        1   0.000408     Crypt::OpenSSL::RSA::bootstrap
 0.01    0.0004        1   0.000406     Crypt::OpenSSL::Bignum::bootstrap
 0.01    0.0004        1   0.000401     main::quota
 0.01    0.0004        6   0.000067     IO::Socket::INET::_sock_info
 0.01    0.0004       14   0.000027     <anon>:./imapsync:2824
 0.01    0.0004        2   0.000185     Mail::IMAPClient::new
 0.01    0.0004        2   0.000185     main::authenticate_imap
 0.01    0.0004        4   0.000092     parent::import
 0.01    0.0004        4   0.000091     <anon>:...8/lib/Mail/IMAPClient.pm:401
 0.01    0.0004        1   0.000363     IO::bootstrap
 0.01    0.0004        6   0.000060     main::select_msgs_by_search
 0.01    0.0004        3   0.000120     Socket::pack_sockaddr_in
 0.01    0.0004        1   0.000360     main::remove_tmp_files
 0.01    0.0004        4   0.000088     Mail::IMAPClient::MessageSet::range
 0.01    0.0004        2   0.000175     main::check_capability
 0.01    0.0003        4   0.000085     Mail::IMAPClient::MessageSet::new
 0.01    0.0003        1   0.000338     Net::SSLeay::SSLeay_add_ssl_algorithms
 0.01    0.0003        3   0.000112     main::memory_consumption
 0.01    0.0003        4   0.000082     IO::Handle::blocking
 0.01    0.0003        1   0.000328     <anon>:...perl/5.14/Math/BigInt.pm:153
 0.01    0.0003        1   0.000321     Term::ReadKey::bootstrap
 0.01    0.0003        1   0.000316     Storable::bootstrap
 0.00    0.0003        2   0.000156     Mail::IMAPClient::_disconnect
 0.00    0.0003        6   0.000050     main::select_msgs
 0.00    0.0003        8   0.000037     <anon>:./imapsync:4069
 0.00    0.0003       28   0.000011     DynaLoader::dl_find_symbol
 0.00    0.0003        1   0.000297     main::not_long_imapsync_version_public
 0.00    0.0003        1   0.000296     JSON::_set_module
 0.00    0.0003        1   0.000291     Params::Classify::bootstrap
 0.00    0.0003       28   0.000010     DynaLoader::dl_undef_symbols
 0.00    0.0003        1   0.000285     <anon>:.../lib/perl5/Net/SSLeay.pm:680
 0.00    0.0003        4   0.000071     Exporter::export_ok_tags
 0.00    0.0003        4   0.000070     IO::Socket::blocking
 0.00    0.0003        4   0.000070     Mail::IMAPClient::Range
 0.00    0.0003        6   0.000045     main::max
 0.00    0.0003        3   0.000089     IO::Socket::INET::connect
 0.00    0.0003        3   0.000089     IO::Handle::autoflush
 0.00    0.0003        5   0.000053     main::timenext
 0.00    0.0003        4   0.000066     Exporter::export_to_level
 0.00    0.0003        1   0.000263     HTML::Parser::bootstrap
 0.00    0.0003        6   0.000043     Mail::IMAPClient::Fast_io
 0.00    0.0003        5   0.000051     IO::Socket::import
 0.00    0.0003        1   0.000253     main::command_line_nopassword
 0.00    0.0003        1   0.000253     Mail::IMAPClient::uidnext
 0.00    0.0002        6   0.000041     <anon>:...8/lib/Mail/IMAPClient.pm:662
 0.00    0.0002        6   0.000041     <anon>:./imapsync:2847
 0.00    0.0002        7   0.000035     Mail::IMAPClient::MessageSet::str
 0.00    0.0002        1   0.000236     <anon>:...lib/perl/5.14/Storable.pm:45
 0.00    0.0002        3   0.000078     IO::Socket::INET::_get_addr
 0.00    0.0002        8   0.000029     <anon>:.../lib/Mail/IMAPClient.pm:2139
 0.00    0.0002       11   0.000021     <anon>:.../lib/Mail/IMAPClient.pm:1437
 0.00    0.0002        1   0.000232     List::Util::bootstrap
 0.00    0.0002        3   0.000077     IO::Socket::INET::new
 0.00    0.0002        2   0.000115     Mail::IMAPClient::RawSocket
 0.00    0.0002        4   0.000057     IO::Select::_fileno
 0.00    0.0002        1   0.000229     main::localhost_info
 0.00    0.0002        3   0.000076     IO::Handle::new
 0.00    0.0002        1   0.000222     File::Spec::Unix::_tmpdir
 0.00    0.0002        6   0.000037     Mail::IMAPClient::messages
 0.00    0.0002       15   0.000015     bytes::import
 0.00    0.0002        1   0.000219     Test::Builder::_open_testhandles
 0.00    0.0002        4   0.000054     IO::Select::add
 0.00    0.0002        7   0.000031     Net::SSLeay::constant
 0.00    0.0002        4   0.000054     Exporter::Heavy::_push_tags
 0.00    0.0002        1   0.000213     <anon>:.../perl5/IO/Socket/SSL.pm:1366
 0.00    0.0002        1   0.000205     Tie::Hash::NamedCapture::bootstrap
 0.00    0.0002        5   0.000041     warnings::register::import
 0.00    0.0002        8   0.000025     <anon>:./imapsync:2880
 0.00    0.0002        6   0.000034     Mail::IMAPClient::_quote_search
 0.00    0.0002        1   0.000198     Net::LibIDN::bootstrap
 0.00    0.0002        6   0.000033     <anon>:...8/lib/Mail/IMAPClient.pm:366
 0.00    0.0002        2   0.000095     Test::Builder::Module::import
 0.00    0.0002        1   0.000190     Unicode::String::bootstrap
 0.00    0.0002        1   0.000187     <anon>:...re/perl5/IO/Socket/SSL.pm:17
 0.00    0.0002       10   0.000019     warnings::_mkMask
 0.00    0.0002        2   0.000092     IO::Socket::close
 0.00    0.0002        1   0.000183     File::Glob::bootstrap
 0.00    0.0002        1   0.000183     IO::Tee::new
 0.00    0.0002        6   0.000030     <anon>:...8/lib/Mail/IMAPClient.pm:846
 0.00    0.0002        2   0.000090     IO::Select::can_write
 0.00    0.0002        4   0.000044     <anon>:.../lib/Mail/IMAPClient.pm:2815
 0.00    0.0002        1   0.000176     main::banner_imapsync
 0.00    0.0002        1   0.000172     main::check_last_release
 0.00    0.0002        1   0.000169     Socket6::bootstrap
 0.00    0.0002        1   0.000169     <anon>:...re/perl5/IO/Socket/SSL.pm:32
 0.00    0.0002        2   0.000084     Test::Builder::_try
 0.00    0.0002        3   0.000056     SelectSaver::new
 0.00    0.0002        1   0.000167     <anon>:...erl/5.14/Getopt/Long.pm:1490
 0.00    0.0002        8   0.000021     <anon>:.../lib/Mail/IMAPClient.pm:2883
 0.00    0.0002       12   0.000014     MIME::Base64::decode_base64
 0.00    0.0002        1   0.000164     main::list_folders_in_2_not_in_1
 0.00    0.0002        1   0.000162     Net::SSLeay::RAND_load_file
 0.00    0.0002        1   0.000162     <anon>:...sr/lib/perl5/Net/LibIDN.pm:3
 0.00    0.0002        4   0.000040     Mail::IMAPClient::list
 0.00    0.0002        1   0.000159     File::Basename::fileparse_set_fstype
 0.00    0.0002        4   0.000040     <anon>:./imapsync:3381
 0.00    0.0002        1   0.000157     <anon>:...hare/perl/5.14/constant.pm:2
 0.00    0.0002        3   0.000052     Mail::IMAPClient::IsAuthenticated
 0.00    0.0002        1   0.000156     main::date_for_host2
 0.00    0.0002        1   0.000154     <anon>:...b/perl5/Unicode/String.pm:37
 0.00    0.0002        4   0.000038     Symbol::gensym
 0.00    0.0002        2   0.000076     File::Basename::fileparse
 0.00    0.0002        1   0.000152     <anon>:...share/perl5/Digest/HMAC.pm:4
 0.00    0.0002        1   0.000152     Test::Builder::reset
 0.00    0.0002        6   0.000025     <anon>:.../lib/Mail/IMAPClient.pm:2703
 0.00    0.0001        1   0.000150     <anon>:...b/perl5/Net/SSLeay.pm:678]:1
 0.00    0.0001        1   0.000149     main::parse_header_msg
 0.00    0.0001        1   0.000147     attributes::bootstrap
 0.00    0.0001        7   0.000021     Time::HiRes::time
 0.00    0.0001        1   0.000145     <anon>:...re/perl5/IO/Socket/SSL.pm:52
 0.00    0.0001        1   0.000144     Digest::MD5::bootstrap
 0.00    0.0001        1   0.000142     main::count_from_select
 0.00    0.0001        2   0.000070     Errno::FETCH
 0.00    0.0001        4   0.000034     <anon>:.../lib/Mail/IMAPClient.pm:2864
 0.00    0.0001        2   0.000068     Mail::IMAPClient::logout
 0.00    0.0001        1   0.000135     main::flagsCase
 0.00    0.0001        1   0.000135     <anon>:...e/perl5/File/GlobMapper.pm:3
 0.00    0.0001        8   0.000017     integer::import
 0.00    0.0001        2   0.000065     main::is_valid_directory
 0.00    0.0001        1   0.000128     MIME::Base64::bootstrap
 0.00    0.0001        1   0.000127     <anon>:./imapsync:3245
 0.00    0.0001        6   0.000021     IO::Uncompress::Base::_notAvailable
 0.00    0.0001        2   0.000063     IO::Select::handles
 0.00    0.0001        7   0.000018     overload::AddrRef
 0.00    0.0001        1   0.000125     <anon>:.../Compress/Base/Common.pm:482
 0.00    0.0001        1   0.000124     Math::BigInt::Calc::_base_len
 0.00    0.0001        1   0.000122     Test::Builder::_dup_stdhandles
 0.00    0.0001        2   0.000061     Time::HiRes::import
 0.00    0.0001        6   0.000020     IO::Compress::Base::_notAvailable
 0.00    0.0001        2   0.000060     Test::Builder::_apply_layers
 0.00    0.0001        1   0.000120     Test::Builder::_ending
 0.00    0.0001        1   0.000118     <anon>:...perl/5.14/Math/BigInt.pm:201
 0.00    0.0001        1   0.000118     main::cache_folder
 0.00    0.0001        1   0.000118     POSIX::sigaction
 0.00    0.0001        1   0.000117     <anon>:...b/perl/5.14/IO/Seekable.pm:5
 0.00    0.0001        1   0.000117     Devel::Size::bootstrap
 0.00    0.0001        1   0.000116     <anon>:...e/perl5/Test/Builder.pm:1221
 0.00    0.0001        1   0.000116     <anon>:...rl5/IO/Uncompress/Base.pm:20
 0.00    0.0001        1   0.000116     <anon>:...rl5/IO/Uncompress/Base.pm:17
 0.00    0.0001        3   0.000038     Config::import
 0.00    0.0001        1   0.000115     PerlIO::scalar::bootstrap
 0.00    0.0001        4   0.000029     Mail::IMAPClient::MessageSet::_unfold_range
 0.00    0.0001        2   0.000056     File::Glob::import
 0.00    0.0001        3   0.000038     Mail::IMAPClient::status
 0.00    0.0001        1   0.000112     <anon>:...r/lib/perl/5.14/IO/File.pm:5
 0.00    0.0001        1   0.000111     JSON::Backend::XS::init
 0.00    0.0001        1   0.000109     POSIX::import
 0.00    0.0001        2   0.000054     Mail::IMAPClient::capability_update
 0.00    0.0001        3   0.000036     Mail::IMAPClient::imap4rev1
 0.00    0.0001        4   0.000027     <anon>:.../lib/Mail/IMAPClient.pm:2177
 0.00    0.0001        2   0.000054     main::imapsync_version
 0.00    0.0001        1   0.000107     Sys::Hostname::bootstrap
 0.00    0.0001        1   0.000104     Data::Dumper::bootstrap
 0.00    0.0001        1   0.000103     Devel::Size::size
 0.00    0.0001        2   0.000052     main::select_folder
 0.00    0.0001        1   0.000103     Math::BigInt::TIESCALAR
 0.00    0.0001        3   0.000034     IO::Socket::register_domain
 0.00    0.0001        2   0.000051     Test::Builder::_copy_io_layers
 0.00    0.0001        4   0.000026     <anon>:.../lib/Mail/IMAPClient.pm:2877
 0.00    0.0001        1   0.000102     <anon>:...e/perl5/Compress/Zlib.pm:456
 0.00    0.0001        1   0.000102     <anon>:.../share/perl5/JSON.pm:353]:14
 0.00    0.0001        1   0.000102     <anon>:.../perl5/IO/Socket/SSL.pm:1397
 0.00    0.0001        1   0.000101     <anon>:...SON/WebToken/Constants.pm:34
 0.00    0.0001        1   0.000101     <anon>:.../perl5/IO/Socket/SSL.pm:1598
 0.00    0.0001        2   0.000050     <anon>:...8/lib/Mail/IMAPClient.pm:365
 0.00    0.0001        2   0.000050     File::Basename::_strip_trailing_sep
 0.00    0.0001        2   0.000050     <anon>:./imapsync:2993
 0.00    0.0001        1   0.000099     <anon>:...O/Compress/RawDeflate.pm:124
 0.00    0.0001        1   0.000098     <anon>:./imapsync:687
 0.00    0.0001        1   0.000097     <anon>:...r/lib/perl5/Net/SSLeay.pm:19
 0.00    0.0001        2   0.000048     Mail::IMAPClient::lsub
 0.00    0.0001        1   0.000097     main::logfile
 0.00    0.0001        1   0.000097     <anon>:...rl5/IO/Uncompress/Base.pm:19
 0.00    0.0001        1   0.000096     <anon>:...sr/lib/perl5/JSON/XS.pm:1481
 0.00    0.0001        1   0.000095     <anon>:...rl/5.14/IO/Socket/INET.pm:12
 0.00    0.0001        1   0.000095     <anon>:...ib/perl5/Term/ReadKey.pm:218
 0.00    0.0001        1   0.000094     POSIX::strftime
 0.00    0.0001        1   0.000094     common::sense::import
 0.00    0.0001        4   0.000023     <anon>:.../lib/Mail/IMAPClient.pm:2143
 0.00    0.0001        1   0.000092     Cwd::bootstrap
 0.00    0.0001        1   0.000092     <anon>:...re/perl5/IO/Socket/SSL.pm:20
 0.00    0.0001        1   0.000092     <anon>:...perl/5.14.2/Data/Uniqid.pm:3
 0.00    0.0001        6   0.000015     Symbol::qualify
 0.00    0.0001        1   0.000091     <anon>:.../perl5/IO/Socket/SSL.pm:1404
 0.00    0.0001        1   0.000091     <anon>:...rl5/IO/Uncompress/Base.pm:22
 0.00    0.0001        1   0.000091     main::permanentflags
 0.00    0.0001        1   0.000090     attributes::import
 0.00    0.0001        1   0.000090     Mail::IMAPClient::noop
 0.00    0.0001        1   0.000089     <anon>:...sr/share/perl/5.14/base.pm:3
 0.00    0.0001        1   0.000089     POSIX::uname
 0.00    0.0001        1   0.000088     <anon>:...b/perl/5.14/MIME/Base64.pm:3
 0.00    0.0001        1   0.000088     <anon>:...rl5/IO/Uncompress/Base.pm:90
 0.00    0.0001        1   0.000088     <anon>:...erl/5.14/IO/Socket/INET.pm:9
 0.00    0.0001        1   0.000087     <anon>:...rl5/IO/Uncompress/Base.pm:14
 0.00    0.0001        1   0.000087     <anon>:...are/perl5/Test/Builder.pm:69
 0.00    0.0001        1   0.000087     <anon>:.../perl5/IO/Socket/SSL.pm:1396
 0.00    0.0001        1   0.000086     <anon>:.../share/perl5/HTTP/Date.pm:11
 0.00    0.0001        7   0.000012     DynaLoader::dl_load_flags
 0.00    0.0001        1   0.000086     Getopt::Long::import
 0.00    0.0001        2   0.000043     main::lost_connection
 0.00    0.0001        3   0.000028     Scalar::Util::dualvar
 0.00    0.0001        3   0.000028     IO::Socket::INET::_get_proto_name
 0.00    0.0001        1   0.000084     <anon>:...re/perl5/IO/Socket/SSL.pm:21
 0.00    0.0001        4   0.000021     version::(""
 0.00    0.0001        1   0.000084     Time::HiRes::AUTOLOAD
 0.00    0.0001        1   0.000083     <anon>:...re/perl5/IO/Socket/SSL.pm:41
 0.00    0.0001        3   0.000028     base::has_version
 0.00    0.0001        1   0.000083     <anon>:...rl5/Compress/Raw/Zlib.pm:151
 0.00    0.0001        1   0.000083     <anon>:.../perl5/IO/Socket/SSL.pm:1403
 0.00    0.0001        1   0.000083     <anon>:...usr/lib/perl/5.14/Errno.pm:8
 0.00    0.0001        1   0.000083     <anon>:...e/perl/5.14/Digest/base.pm:3
 0.00    0.0001        1   0.000082     <anon>:...mpress/Gzip/Constants.pm:119
 0.00    0.0001        1   0.000082     <anon>:...rl5/IO/Uncompress/Base.pm:23
 0.00    0.0001        1   0.000082     <anon>:...l/5.14/Math/BigInt/Calc.pm:3
 0.00    0.0001        1   0.000082     <anon>:....14/Math/BigInt/Calc.pm:2115
 0.00    0.0001        1   0.000082     <anon>:.../Compress/Base/Common.pm:521
 0.00    0.0001        1   0.000082     <anon>:...perl5/File/GlobMapper.pm:341
 0.00    0.0001        1   0.000082     <anon>:...re/perl/5.14/File/Copy.pm:10
 0.00    0.0001        2   0.000041     <anon>:./imapsync:2862
 0.00    0.0001        1   0.000081     <anon>:...perl5/IO/Compress/Gzip.pm:12
 0.00    0.0001        3   0.000027     <anon>:.../lib/Mail/IMAPClient.pm:2715
 0.00    0.0001        2   0.000040     <anon>:./imapsync:4720
 0.00    0.0001        1   0.000080     <anon>:.../perl/5.14/Math/BigInt.pm:19
 0.00    0.0001        1   0.000080     <anon>:.../perl/5.14/Data/Dumper.pm:16
 0.00    0.0001        1   0.000079     <anon>:...38/lib/Mail/IMAPClient.pm:20
 0.00    0.0001        1   0.000078     <anon>:...5.14/Math/BigInt/Calc.pm:137
 0.00    0.0001        1   0.000078     <anon>:...r/share/perl5/JSON.pm:268]:9
 0.00    0.0001        1   0.000078     <anon>:.../perl/5.14/Getopt/Long.pm:15
 0.00    0.0001        1   0.000078     File::Basename::dirname
 0.00    0.0001        1   0.000077     main::header_construct
 0.00    0.0001        1   0.000077     <anon>:...perl5/Crypt/OpenSSL/RSA.pm:3
 0.00    0.0001        1   0.000077     Mail::IMAPClient::getquotaroot
 0.00    0.0001        1   0.000077     <anon>:...5/IO/Uncompress/Gunzip.pm:16
 0.00    0.0001        1   0.000077     <anon>:...erl5/IO/Uncompress/Base.pm:6
 0.00    0.0001        1   0.000077     <anon>:...l5/Crypt/OpenSSL/Bignum.pm:3
 0.00    0.0001        1   0.000077     <anon>:...are/perl/5.14/File/Path.pm:3
 0.00    0.0001        3   0.000025     Test::Builder::_new_fh
 0.00    0.0001        1   0.000076     <anon>:...e/perl5/Test/Builder.pm:2502
 0.00    0.0001        1   0.000076     <anon>:...ompress/Adapter/Deflate.pm:8
 0.00    0.0001        1   0.000076     <anon>:...r/share/perl5/Test/More.pm:3
 0.00    0.0001        1   0.000075     English::import
 0.00    0.0001        1   0.000075     <anon>:...e/perl5/Module/Runtime.pm:47
 0.00    0.0001        1   0.000075     <anon>:...hare/perl5/Test/Builder.pm:3
 0.00    0.0001        1   0.000074     <anon>:...hare/perl5/Test/More.pm:1255
 0.00    0.0001        1   0.000074     <anon>:...IO/Compress/Zlib/Extra.pm:13
 0.00    0.0001        1   0.000074     <anon>:...JSON/WebToken/Constants.pm:5
 0.00    0.0001        1   0.000074     <anon>:...re/perl5/IO/Socket/SSL.pm:54
 0.00    0.0001        3   0.000025     Math::BigInt::Calc::_new
 0.00    0.0001        4   0.000018     Test::Builder::_autoflush
 0.00    0.0001        1   0.000073     <anon>:.../share/perl/5.14/Symbol.pm:3
 0.00    0.0001        1   0.000072     <anon>:...rl5/IO/Uncompress/Base.pm:21
 0.00    0.0001        2   0.000036     main::convert_sep_to_slash
 0.00    0.0001        1   0.000072     <anon>:...5.14/Math/BigInt/Calc.pm:792
 0.00    0.0001        1   0.000072     <anon>:...perl/5.14/Sys/Hostname.pm:26
 0.00    0.0001        1   0.000072     <anon>:.../perl5/IO/Compress/Base.pm:9
 0.00    0.0001        1   0.000072     <anon>:...5.14/Math/BigInt/Calc.pm:475
 0.00    0.0001        1   0.000072     <anon>:...5/IO/Uncompress/Gunzip.pm:50
 0.00    0.0001        1   0.000072     <anon>:...O/Uncompress/RawInflate.pm:8
 0.00    0.0001        1   0.000072     <anon>:.../perl5/Params/Classify.pm:77
 0.00    0.0001        1   0.000072     <anon>:...ib/perl5/Unicode/String.pm:5
 0.00    0.0001        1   0.000072     <anon>:...l5/IO/Uncompress/Base.pm:428
 0.00    0.0001        1   0.000072     <anon>:...sr/lib/perl/5.14/POSIX.pm:52
 0.00    0.0001        1   0.000071     <anon>:...ompress/Adapter/Inflate.pm:7
 0.00    0.0001        1   0.000071     Net::SSLeay::RAND_seed
 0.00    0.0001        1   0.000071     <anon>:...perl5/IO/Compress/Gzip.pm:14
 0.00    0.0001        1   0.000070     <anon>:...erl5/IO/Compress/Base.pm:884
 0.00    0.0001        1   0.000070     <anon>:.../perl5/IO/Socket/SSL.pm:1355
 0.00    0.0001        1   0.000070     <anon>:...rl/5.14.2/JSON/WebToken.pm:5
 0.00    0.0001        1   0.000070     <anon>:...e/perl5/Digest/HMAC_MD5.pm:6
 0.00    0.0001        1   0.000069     <anon>:...b/perl/5.14/MIME/Base64.pm:4
 0.00    0.0001        1   0.000069     <anon>:...erl5/IO/Compress/Base.pm:272
 0.00    0.0001        1   0.000069     <anon>:...share/perl5/Authen/NTLM.pm:2
 0.00    0.0001        1   0.000068     <anon>:...IO/Compress/Base/Common.pm:5
 0.00    0.0001        1   0.000068     <anon>:...lib/perl/5.14/Storable.pm:22
 0.00    0.0001        1   0.000068     <anon>:...IO/Compress/RawDeflate.pm:11
 0.00    0.0001        1   0.000068     <anon>:...ompress/Adapter/Inflate.pm:8
 0.00    0.0001        1   0.000068     <anon>:/usr/share/perl5/JSON.pm:318
 0.00    0.0001        1   0.000068     <anon>:...erl5/IO/Uncompress/Base.pm:5
 0.00    0.0001        1   0.000068     <anon>:...O/Compress/RawDeflate.pm:125
 0.00    0.0001        1   0.000068     <anon>:...perl5/Compress/Raw/Zlib.pm:6
 0.00    0.0001        3   0.000023     <anon>:./imapsync:1668
 0.00    0.0001        1   0.000068     <anon>:.../Compress/Base/Common.pm:846
 0.00    0.0001        1   0.000068     File::Spec::Unix::canonpath
 0.00    0.0001        1   0.000068     <anon>:...O/Compress/RawDeflate.pm:157
 0.00    0.0001        1   0.000068     <anon>:...usr/lib/perl5/Socket6.pm:213
 0.00    0.0001        1   0.000067     <anon>:...O/Uncompress/RawInflate.pm:9
 0.00    0.0001        2   0.000034     <anon>:.../lib/Mail/IMAPClient.pm:1984
 0.00    0.0001        1   0.000067     <anon>:....14/Math/BigInt/Calc.pm:1909
 0.00    0.0001        1   0.000067     <anon>:...b/perl/5.14/Scalar/Util.pm:9
 0.00    0.0001        1   0.000067     <anon>:...re/perl/5.14/overload.pm:147
 0.00    0.0001        1   0.000067     <anon>:...re/perl5/Compress/Zlib.pm:46
 0.00    0.0001        1   0.000066     <anon>:.../perl5/File/GlobMapper.pm:24
 0.00    0.0001        1   0.000066     <anon>:...erl/5.14/File/Basename.pm:51
 0.00    0.0001        1   0.000066     <anon>:/usr/share/perl5/URI.pm:3
 0.00    0.0001        1   0.000066     <anon>:...usr/lib/perl5/JSON/XS.pm:121
 0.00    0.0001        1   0.000066     Mail::IMAPClient::selectable
 0.00    0.0001        2   0.000033     Mail::IMAPClient::uidvalidity
 0.00    0.0001        1   0.000066     <anon>:...r/lib/perl5/HTML/Parser.pm:9
 0.00    0.0001        1   0.000066     File::Basename::basename
 0.00    0.0001        2   0.000033     Mail::IMAPClient::Reconnect_counter
 0.00    0.0001        1   0.000066     <anon>:...b/perl5/HTML/Entities.pm:138
 0.00    0.0001        1   0.000066     <anon>:...ompress/Adapter/Deflate.pm:7
 0.00    0.0001        1   0.000066     <anon>:...re/perl5/Test/Builder.pm:916
 0.00    0.0001        1   0.000066     <anon>:...hare/perl5/HTTP/Headers.pm:3
 0.00    0.0001        1   0.000066     <anon>:...erl/5.14/Math/BigInt.pm:3069
 0.00    0.0001        1   0.000066     <anon>:...Compress/Base/Common.pm:1050
 0.00    0.0001        1   0.000066     <anon>:./imapsync:0
 0.00    0.0001        1   0.000066     <anon>:/usr/share/perl5/URI.pm:28
 0.00    0.0001        1   0.000066     <anon>:...re/perl/5.14/AutoLoader.pm:4
 0.00    0.0001        1   0.000065     <anon>:...ib/perl/5.14/attributes.pm:9
 0.00    0.0001        1   0.000065     <anon>:...erl/5.14/Math/BigInt.pm:2623
 0.00    0.0001        1   0.000065     <anon>:.../Compress/Base/Common.pm:481
 0.00    0.0001        3   0.000022     <anon>:./imapsync:1253
 0.00    0.0001        1   0.000065     <anon>:.../perl/5.14/IO/Seekable.pm:12
 0.00    0.0001        1   0.000065     <anon>:.../share/perl5/HTTP/Date.pm:14
 0.00    0.0001        1   0.000065     <anon>:...ib/perl/5.14/IO/Socket.pm:11
 0.00    0.0001        1   0.000065     <anon>:./imapsync:688
 0.00    0.0001        1   0.000065     <anon>:...re/perl5/HTTP/Message.pm:648
 0.00    0.0001        1   0.000064     main::is_a_release_number
 0.00    0.0001        1   0.000064     <anon>:...are/perl5/LWP/UserAgent.pm:3
 0.00    0.0001        1   0.000064     <anon>:...lib/perl/5.14/IO/Handle.pm:3
 0.00    0.0001        1   0.000064     <anon>:...are/perl5/Authen/NTLM.pm:191
 0.00    0.0001        1   0.000064     <anon>:...perl/5.14/Math/BigInt.pm:879
 0.00    0.0001        1   0.000064     <anon>:...re/perl5/IO/Socket/SSL.pm:38
 0.00    0.0001        1   0.000063     <anon>:...hare/perl5/HTTP/Message.pm:3
 0.00    0.0001        1   0.000063     <anon>:...perl/5.14/Math/BigInt.pm:207
 0.00    0.0001        1   0.000063     <anon>:.../perl5/Params/Classify.pm:78
 0.00    0.0001        1   0.000063     <anon>:...re/perl5/IO/Socket/SSL.pm:43
 0.00    0.0001        1   0.000063     <anon>:.../share/perl5/JSON.pm:268]:16
 0.00    0.0001        1   0.000063     <anon>:...rl5/Compress/Raw/Zlib.pm:120
 0.00    0.0001        1   0.000063     <anon>:...rl5/IO/Uncompress/Base.pm:15
 0.00    0.0001        1   0.000062     <anon>:...sr/lib/perl5/Devel/Size.pm:3
 0.00    0.0001        1   0.000062     <anon>:/usr/lib/perl5/Cwd.pm:811
 0.00    0.0001        1   0.000062     <anon>:...sr/lib/perl/5.14/POSIX.pm:60
 0.00    0.0001        1   0.000062     <anon>:...JSON/WebToken/Exception.pm:7
 0.00    0.0001        1   0.000062     <anon>:...5/IO/Uncompress/Gunzip.pm:15
 0.00    0.0001        1   0.000062     <anon>:...lib/perl/5.14/Storable.pm:60
 0.00    0.0001        1   0.000061     <anon>:...e/perl5/LWP/UserAgent.pm:374
 0.00    0.0001        1   0.000061     <anon>:...re/perl5/Compress/Zlib.pm:15
 0.00    0.0001        1   0.000061     <anon>:.../IMAPClient/MessageSet.pm:18
 0.00    0.0001        1   0.000061     <anon>:...b/perl/5.14/IO/Handle.pm:366
 0.00    0.0001        1   0.000061     <anon>:...rl/5.14/IO/Socket/INET.pm:11
 0.00    0.0001        1   0.000061     <anon>:.../5.14.2/JSON/WebToken.pm:249
 0.00    0.0001        1   0.000061     <anon>:...r/lib/perl/5.14/IO/File.pm:6
 0.00    0.0001        1   0.000061     main::header_line_normalize
 0.00    0.0001        1   0.000061     <anon>:...r/lib/perl5/Net/SSLeay.pm:20
 0.00    0.0001        1   0.000061     <anon>:...rl5/Compress/Raw/Zlib.pm:122
 0.00    0.0001        1   0.000061     <anon>:.../share/perl5/JSON.pm:353]:14
 0.00    0.0001        1   0.000061     <anon>:...are/perl5/Compress/Zlib.pm:6
 0.00    0.0001        1   0.000060     <anon>:...perl5/IO/Compress/Base.pm:11
 0.00    0.0001        1   0.000060     <anon>:...hare/perl5/Test/More.pm:1621
 0.00    0.0001        1   0.000060     <anon>:...ib/perl5/Unicode/String.pm:6
 0.00    0.0001        1   0.000060     <anon>:...hare/perl5/Digest/HMAC.pm:47
 0.00    0.0001        1   0.000060     <anon>:...hare/perl/5.14/English.pm:47
 0.00    0.0001        1   0.000060     <anon>:...sr/lib/perl/5.14/POSIX.pm:19
 0.00    0.0001        1   0.000060     <anon>:./imapsync:678
 0.00    0.0001        3   0.000020     IO::Socket::INET::_get_proto_number
 0.00    0.0001        1   0.000059     main::quota_extract_storage_current_in_bytes
 0.00    0.0001        1   0.000059     <anon>:...re/perl/5.14/Time/Local.pm:4
 0.00    0.0001        1   0.000059     List::Util::first
 0.00    0.0001        1   0.000059     <anon>:...re/perl5/IO/Socket/SSL.pm:19
 0.00    0.0001        1   0.000059     <anon>:/usr/share/perl5/JSON.pm:4
 0.00    0.0001        1   0.000058     <anon>:...usr/lib/perl5/File/Spec.pm:3
 0.00    0.0001        1   0.000058     <anon>:...e/perl/5.14/File/Path.pm:329
 0.00    0.0001        2   0.000029     Test::Builder::new
 0.00    0.0001        2   0.000029     <anon>:.../lib/Mail/IMAPClient.pm:1318
 0.00    0.0001        1   0.000058     <anon>:...ib/perl/5.14/File/Glob.pm:50
 0.00    0.0001        1   0.000058     main::automap
 0.00    0.0001        1   0.000058     <anon>:.../perl/5.14/AutoLoader.pm:138
 0.00    0.0001        1   0.000058     <anon>:...e/perl5/Test/Builder.pm:2181
 0.00    0.0001        1   0.000058     <anon>:/usr/share/perl5/URI.pm:128
 0.00    0.0001        1   0.000058     <anon>:...e/perl5/Test/Builder.pm:1600
 0.00    0.0001        1   0.000058     <anon>:...r/lib/perl5/Net/SSLeay.pm:24
 0.00    0.0001        1   0.000058     <anon>:...r/lib/perl5/Net/SSLeay.pm:16
 0.00    0.0001        1   0.000058     <anon>:...perl5/Params/Classify.pm:122
 0.00    0.0001        1   0.000058     <anon>:...ib/perl/5.14/List/Util.pm:11
 0.00    0.0001        1   0.000057     <anon>:...perl/5.14/Getopt/Long.pm:222
 0.00    0.0001        1   0.000057     <anon>:...re/perl/5.14/IPC/Open3.pm:92
 0.00    0.0001        1   0.000057     <anon>:...perl/5.14/Math/BigInt.pm:336
 0.00    0.0001        1   0.000057     <anon>:...sr/share/perl/5.14/Carp.pm:3
 0.00    0.0001        1   0.000057     <anon>:.../Compress/Base/Common.pm:149
 0.00    0.0001        1   0.000057     JSON::import
 0.00    0.0001        1   0.000057     <anon>:...erl/5.14/File/Basename.pm:47
 0.00    0.0001        1   0.000057     <anon>:.../perl5/Authen/NTLM/MD4.pm:19
 0.00    0.0001        1   0.000057     <anon>:...perl5/Crypt/OpenSSL/RSA.pm:4
 0.00    0.0001        1   0.000056     <anon>:.../share/perl5/JSON.pm:268]:99
 0.00    0.0001        1   0.000056     <anon>:.../perl5/IO/Socket/INET6.pm:12
 0.00    0.0001        1   0.000056     <anon>:...38/lib/Mail/IMAPClient.pm:21
 0.00    0.0001        1   0.000056     <anon>:.../share/perl/5.14/parent.pm:2
 0.00    0.0001        1   0.000056     <anon>:...perl5/Crypt/OpenSSL/RSA.pm:9
 0.00    0.0001        2   0.000028     <anon>:...8/lib/Mail/IMAPClient.pm:584
 0.00    0.0001        2   0.000028     PerlIO::get_layers
 0.00    0.0001        2   0.000028     Mail::IMAPClient::Banner
 0.00    0.0001        1   0.000056     Test::Builder::reset_outputs
 0.00    0.0001        1   0.000056     <anon>:...ompress/Adapter/Inflate.pm:3
 0.00    0.0001        1   0.000056     <anon>:.../share/perl/5.14/Carp.pm:341
 0.00    0.0001        1   0.000056     <anon>:...JSON/WebToken/Constants.pm:3
 0.00    0.0001        1   0.000056     <anon>:.../IO/Compress/RawDeflate.pm:5
 0.00    0.0001        1   0.000056     <anon>:...hare/perl5/LWP/Protocol.pm:7
 0.00    0.0001        1   0.000056     <anon>:...l/5.14.2/JSON/WebToken.pm:13
 0.00    0.0001        1   0.000056     <anon>:...ompress/Adapter/Deflate.pm:3
 0.00    0.0001        1   0.000056     <anon>:...e/perl/5.14/SelectSaver.pm:6
 0.00    0.0001        1   0.000056     <anon>:...re/perl/5.14/File/Copy.pm:14
 0.00    0.0001        1   0.000055     <anon>:...38/lib/Mail/IMAPClient.pm:16
 0.00    0.0001        1   0.000055     main::filter_forbidden_characters
 0.00    0.0001        1   0.000055     <anon>:...hare/perl/5.14/Tie/Hash.pm:5
 0.00    0.0001        1   0.000055     <anon>:...r/lib/perl/5.14/IO/File.pm:8
 0.00    0.0001        1   0.000055     File::Spec::Unix::tmpdir
 0.00    0.0001        1   0.000055     <anon>:...r/lib/perl5/Net/SSLeay.pm:17
 0.00    0.0001        1   0.000055     main::quota_extract_storage_limit_in_bytes
 0.00    0.0001        1   0.000055     <anon>:...share/perl5/Authen/NTLM.pm:5
 0.00    0.0001        1   0.000055     feature::import
 0.00    0.0001        1   0.000055     <anon>:.../share/perl5/URI/Escape.pm:2
 0.00    0.0001        1   0.000055     <anon>:...are/perl5/HTTP/Response.pm:7
 0.00    0.0001        1   0.000054     <anon>:...r/lib/perl5/Net/LibIDN.pm:85
 0.00    0.0001        1   0.000054     <anon>:...rl5/Compress/Raw/Zlib.pm:106
 0.00    0.0001        1   0.000054     <anon>:...perl/5.14/Math/BigInt.pm:656
 0.00    0.0001        1   0.000054     <anon>:...rl/5.14/File/Basename.pm:394
 0.00    0.0001        1   0.000054     <anon>:/usr/share/perl5/JSON.pm:383
 0.00    0.0001        1   0.000054     <anon>:...e/perl5/Digest/HMAC_MD5.pm:4
 0.00    0.0001        1   0.000053     <anon>:...re/perl/5.14/File/Path.pm:19
 0.00    0.0001        1   0.000053     <anon>:...perl/5.14/Math/BigInt.pm:548
 0.00    0.0001        1   0.000053     <anon>:...O/Compress/Base/Common.pm:46
 0.00    0.0001        1   0.000053     <anon>:...erl/5.14/IO/Socket/UNIX.pm:9
 0.00    0.0001        1   0.000053     <anon>:.../lib/Mail/IMAPClient.pm:1541
 0.00    0.0001        1   0.000053     <anon>:...erl5/IO/Uncompress/Base.pm:4
 0.00    0.0001        1   0.000053     <anon>:...are/perl5/Compress/Zlib.pm:7
 0.00    0.0001        1   0.000053     <anon>:...ib/perl/5.14/IO/Socket.pm:13
 0.00    0.0001        1   0.000053     <anon>:...sr/lib/perl/5.14/POSIX.pm:39
 0.00    0.0001        1   0.000052     <anon>:...rl5/IO/Socket/SSL.pm:1363]:1
 0.00    0.0001        1   0.000052     <anon>:/usr/lib/perl5/Socket6.pm:38
 0.00    0.0001        1   0.000052     <anon>:...l5/IO/Uncompress/Gunzip.pm:8
 0.00    0.0001        2   0.000026     <anon>:.../lib/Mail/IMAPClient.pm:1719
 0.00    0.0001        2   0.000026     main::ucsecond
 0.00    0.0001        1   0.000052     <anon>:...hare/perl5/Test/More.pm:1332
 0.00    0.0001        1   0.000052     <anon>:...are/perl/5.14/constant.pm:32
 0.00    0.0001        1   0.000052     <anon>:...ib/perl5/File/Spec/Unix.pm:3
 0.00    0.0001        1   0.000052     <anon>:...rl/5.14/IO/Socket/INET.pm:13
 0.00    0.0001        1   0.000052     <anon>:...sr/lib/perl5/Devel/Size.pm:4
 0.00    0.0001        1   0.000052     <anon>:...e/perl5/IO/Socket/SSL.pm:114
 0.00    0.0001        1   0.000052     <anon>:.../perl/5.14/Sys/Hostname.pm:3
 0.00    0.0001        1   0.000052     <anon>:...perl5/Crypt/OpenSSL/RSA.pm:6
 0.00    0.0001        1   0.000051     <anon>:...IO/Compress/Base/Common.pm:3
 0.00    0.0001        1   0.000051     <anon>:...r/lib/perl5/Net/SSLeay.pm:18
 0.00    0.0001        1   0.000051     <anon>:.../IO/Compress/Zlib/Extra.pm:5
 0.00    0.0001        1   0.000051     <anon>:...perl/5.14/Math/BigInt.pm:943
 0.00    0.0001        1   0.000051     <anon>:...rl/5.14.2/JSON/WebToken.pm:3
 0.00    0.0001        1   0.000051     <anon>:...5/IO/Uncompress/Gunzip.pm:17
 0.00    0.0001        1   0.000051     Time::Local::_daygm
 0.00    0.0001        1   0.000051     main::flags_for_host2
 0.00    0.0001        1   0.000051     main::logfileprepa
 0.00    0.0001        1   0.000051     <anon>:...JSON/WebToken/Exception.pm:9
 0.00    0.0001        1   0.000051     <anon>:...re/perl5/IO/Socket/SSL.pm:22
 0.00    0.0001        1   0.000051     <anon>:.../perl5/IO/Compress/Base.pm:6
 0.00    0.0001        1   0.000051     <anon>:...Compress/Gzip/Constants.pm:3
 0.00    0.0001        1   0.000051     <anon>:...perl5/Compress/Raw/Zlib.pm:7
 0.00    0.0001        1   0.000051     <anon>:...mpress/Gzip/Constants.pm:145
 0.00    0.0001        1   0.000051     Math::BigInt::STORE
 0.00    0.0001        1   0.000051     <anon>:.../perl5/IO/Compress/Gzip.pm:5
 0.00    0.0001        1   0.000051     <anon>:...e/perl5/Module/Runtime.pm:55
 0.00    0.0001        1   0.000051     <anon>:...38/lib/Mail/IMAPClient.pm:14
 0.00    0.0001        1   0.000051     <anon>:...l/5.14.2/JSON/WebToken.pm:11
 0.00    0.0001        1   0.000051     <anon>:.../perl/5.14/Sys/Hostname.pm:5
 0.00    0.0000        1   0.000050     <anon>:...e/perl5/Authen/NTLM/DES.pm:8
 0.00    0.0000        1   0.000050     <anon>:.../lib/perl/5.14/Socket.pm:326
 0.00    0.0000        1   0.000050     <anon>:...perl/5.14/Math/BigInt.pm:690
 0.00    0.0000        1   0.000050     <anon>:...ib/perl/5.14/Digest/MD5.pm:3
 0.00    0.0000        1   0.000050     <anon>:...perl/5.14.2/Data/Uniqid.pm:8
 0.00    0.0000        1   0.000050     Math::BigInt::round_mode
 0.00    0.0000        1   0.000050     <anon>:.../Compress/Base/Common.pm:484
 0.00    0.0000        1   0.000050     <anon>:...lib/perl/5.14/File/Glob.pm:3
 0.00    0.0000        1   0.000050     <anon>:...erl/5.14.2/Data/Uniqid.pm:27
 0.00    0.0000        1   0.000050     <anon>:/usr/share/perl5/IO/Tee.pm:4
 0.00    0.0000        1   0.000050     <anon>:...hare/perl5/HTTP/Request.pm:7
 0.00    0.0000        1   0.000049     <anon>:...rl/5.14/IO/Socket/UNIX.pm:12
 0.00    0.0000        1   0.000049     <anon>:...usr/lib/perl/5.14/POSIX.pm:2
 0.00    0.0000        1   0.000049     <anon>:...perl/5.14/Math/BigInt.pm:377
 0.00    0.0000        1   0.000049     <anon>:...share/perl5/HTTP/Status.pm:3
 0.00    0.0000        1   0.000049     <anon>:...b/perl5/HTML/Entities.pm:139
 0.00    0.0000        1   0.000049     <anon>:...38/lib/Mail/IMAPClient.pm:99
 0.00    0.0000        1   0.000049     <anon>:...perl/5.14/Getopt/Long.pm:228
 0.00    0.0000        1   0.000049     <anon>:...perl/5.14/Math/BigInt.pm:447
 0.00    0.0000        1   0.000049     Test::Builder::create
 0.00    0.0000        1   0.000049     <anon>:...re/perl/5.14/AutoLoader.pm:3
 0.00    0.0000        1   0.000049     <anon>:/usr/share/perl5/IO/Tee.pm:8
 0.00    0.0000        1   0.000049     <anon>:...are/perl5/LWP/Protocol.pm:62
 0.00    0.0000        1   0.000048     <anon>:....14/Math/BigInt/Calc.pm:2150
 0.00    0.0000        1   0.000048     <anon>:...O/Uncompress/RawInflate.pm:4
 0.00    0.0000        1   0.000048     Digest::MD5::md5_base64
 0.00    0.0000        1   0.000048     <anon>:....38/lib/Mail/IMAPClient.pm:6
 0.00    0.0000        2   0.000024     Mail::IMAPClient::Tls
 0.00    0.0000        1   0.000048     <anon>:...are/perl/5.14/IPC/Open3.pm:3
 0.00    0.0000        1   0.000048     <anon>:.../perl5/File/Spec/Unix.pm:149
 0.00    0.0000        1   0.000048     <anon>:...ib/perl/5.14/Digest/SHA.pm:6
 0.00    0.0000        1   0.000048     <anon>:...5/IO/Uncompress/Gunzip.pm:14
 0.00    0.0000        1   0.000048     <anon>:...l5/File/Copy/Recursive.pm:10
 0.00    0.0000        1   0.000048     <anon>:.../perl/5.14/AutoLoader.pm:186
 0.00    0.0000        1   0.000048     <anon>:...IO/Compress/Base/Common.pm:7
 0.00    0.0000        1   0.000048     <anon>:...e/perl/5.14/Time/Local.pm:27
 0.00    0.0000        1   0.000048     <anon>:...re/perl/5.14/Time/Local.pm:5
 0.00    0.0000        1   0.000047     <anon>:.../perl5/Digest/HMAC_MD5.pm:20
 0.00    0.0000        1   0.000047     <anon>:...perl/5.14/Math/BigInt.pm:225
 0.00    0.0000        1   0.000047     <anon>:...r/lib/perl5/Net/LibIDN.pm:11
 0.00    0.0000        1   0.000047     <anon>:.../perl5/Digest/HMAC_SHA1.pm:4
 0.00    0.0000        1   0.000047     <anon>:...JSON/WebToken/Exception.pm:3
 0.00    0.0000        1   0.000047     <anon>:...rl5/Test/Builder/Module.pm:3
 0.00    0.0000        1   0.000047     <anon>:...lib/perl/5.14/IO/Select.pm:9
 0.00    0.0000        1   0.000047     <anon>:.../perl/5.14/Math/BigInt.pm:29
 0.00    0.0000        1   0.000047     <anon>:./imapsync:701
 0.00    0.0000        1   0.000047     <anon>:...e/perl5/Digest/HMAC_MD5.pm:5
 0.00    0.0000        1   0.000047     <anon>:...l/5.14.2/JSON/WebToken.pm:12
 0.00    0.0000        1   0.000047     <anon>:...ompress/Gzip/Constants.pm:65
 0.00    0.0000        1   0.000047     <anon>:./imapsync:691
 0.00    0.0000        1   0.000047     <anon>:...ib/perl/5.14/IO/Socket.pm:17
 0.00    0.0000        1   0.000047     <anon>:...share/perl/5.14/parent.pm:25
 0.00    0.0000        1   0.000047     <anon>:./imapsync:705
 0.00    0.0000        1   0.000047     <anon>:...perl/5.14/Math/BigInt.pm:278
 0.00    0.0000        1   0.000047     <anon>:.../perl5/IO/Socket/INET6.pm:13
 0.00    0.0000        1   0.000046     <anon>:/usr/lib/perl5/Cwd.pm:170
 0.00    0.0000        1   0.000046     <anon>:...are/perl5/Test/Builder.pm:19
 0.00    0.0000        1   0.000046     <anon>:...rl/5.14.2/JSON/WebToken.pm:4
 0.00    0.0000        1   0.000046     <anon>:...perl/5.14.2/Data/Uniqid.pm:4
 0.00    0.0000        1   0.000046     <anon>:...b/perl/5.14/IO/Seekable.pm:6
 0.00    0.0000        1   0.000046     <anon>:...l/IMAPClient/MessageSet.pm:1
 0.00    0.0000        1   0.000046     <anon>:...38/lib/Mail/IMAPClient.pm:19
 0.00    0.0000        1   0.000046     <anon>:.../perl5/IO/Socket/INET6.pm:38
 0.00    0.0000        1   0.000046     <anon>:.../Compress/Base/Common.pm:523
 0.00    0.0000        1   0.000046     <anon>:...rl5/File/Copy/Recursive.pm:3
 0.00    0.0000        1   0.000046     <anon>:...rl5/Compress/Raw/Zlib.pm:121
 0.00    0.0000        1   0.000046     <anon>:.../perl/5.14/Scalar/Util.pm:10
 0.00    0.0000        1   0.000046     <anon>:....14/Math/BigInt/Calc.pm:2186
 0.00    0.0000        1   0.000046     <anon>:...38/lib/Mail/IMAPClient.pm:31
 0.00    0.0000        1   0.000046     <anon>:...5.14/Math/BigInt/Calc.pm:154
 0.00    0.0000        1   0.000046     <anon>:...sr/lib/perl5/Net/LibIDN.pm:7
 0.00    0.0000        1   0.000046     <anon>:...sr/lib/perl/5.14/Socket.pm:3
 0.00    0.0000        1   0.000046     <anon>:/usr/share/perl5/URI.pm:4
 0.00    0.0000        1   0.000046     <anon>:...e/perl5/Digest/HMAC_MD5.pm:9
 0.00    0.0000        1   0.000046     <anon>:...l/5.14/Math/BigInt/Calc.pm:4
 0.00    0.0000        1   0.000046     <anon>:...are/perl/5.14/IPC/Open3.pm:9
 0.00    0.0000        1   0.000046     <anon>:.../share/perl/5.14/parent.pm:3
 0.00    0.0000        1   0.000046     <anon>:.../Compress/Base/Common.pm:524
 0.00    0.0000        1   0.000046     <anon>:...4/Tie/Hash/NamedCapture.pm:1
 0.00    0.0000        1   0.000045     <anon>:...ib/perl/5.14/Digest/SHA.pm:5
 0.00    0.0000        2   0.000023     <anon>:...8/lib/Mail/IMAPClient.pm:360
 0.00    0.0000        2   0.000023     <anon>:./imapsync:4087
 0.00    0.0000        1   0.000045     <anon>:/usr/lib/perl5/Cwd.pm:172
 0.00    0.0000        1   0.000045     <anon>:...l5/File/Copy/Recursive.pm:18
 0.00    0.0000        1   0.000045     <anon>:.../perl5/IO/Socket/INET6.pm:31
 0.00    0.0000        1   0.000045     <anon>:...IO/Compress/Base/Common.pm:8
 0.00    0.0000        1   0.000045     <anon>:...share/perl5/Authen/NTLM.pm:6
 0.00    0.0000        1   0.000045     <anon>:...e/perl/5.14/Digest/base.pm:4
 0.00    0.0000        1   0.000045     <anon>:...e/perl/5.14/AutoLoader.pm:30
 0.00    0.0000        1   0.000045     <anon>:.../perl/5.14/Getopt/Long.pm:25
 0.00    0.0000        1   0.000045     <anon>:...usr/lib/perl/5.14/Fcntl.pm:3
 0.00    0.0000        1   0.000045     <anon>:...sr/lib/perl5/Net/LibIDN.pm:6
 0.00    0.0000        1   0.000044     <anon>:.../perl5/IO/Socket/SSL.pm:1357
 0.00    0.0000        1   0.000044     <anon>:...sr/share/perl/5.14/base.pm:4
 0.00    0.0000        1   0.000044     <anon>:.../share/perl5/JSON.pm:268]:42
 0.00    0.0000        1   0.000044     <anon>:...share/perl5/Authen/NTLM.pm:8
 0.00    0.0000        1   0.000044     <anon>:...sr/lib/perl5/Net/LibIDN.pm:4
 0.00    0.0000        1   0.000044     <anon>:...ib/perl5/Unicode/String.pm:7
 0.00    0.0000        1   0.000044     <anon>:.../share/perl5/JSON.pm:268]:24
 0.00    0.0000        1   0.000044     <anon>:...are/perl/5.14/File/Path.pm:4
 0.00    0.0000        1   0.000044     <anon>:...perl/5.14/Math/BigInt.pm:470
 0.00    0.0000        1   0.000044     <anon>:...perl5/Digest/HMAC_SHA1.pm:20
 0.00    0.0000        1   0.000044     <anon>:...perl5/IO/Compress/Base.pm:12
 0.00    0.0000        1   0.000044     <anon>:...38/lib/Mail/IMAPClient.pm:37
 0.00    0.0000        3   0.000015     base::has_fields
 0.00    0.0000        1   0.000043     <anon>:/usr/share/perl5/IO/Tee.pm:5
 0.00    0.0000        1   0.000043     <anon>:.../share/perl5/JSON.pm:268]:29
 0.00    0.0000        1   0.000043     <anon>:...rl5/Compress/Raw/Zlib.pm:114
 0.00    0.0000        1   0.000043     <anon>:.../perl5/IO/Socket/INET6.pm:40
 0.00    0.0000        1   0.000043     <anon>:.../perl5/IO/Socket/SSL.pm:1356
 0.00    0.0000        1   0.000043     <anon>:...l5/IO/Uncompress/Gunzip.pm:9
 0.00    0.0000        1   0.000043     <anon>:...JSON/WebToken/Constants.pm:4
 0.00    0.0000        1   0.000043     <anon>:./imapsync:679
 0.00    0.0000        1   0.000043     <anon>:.../perl5/IO/Socket/INET6.pm:41
 0.00    0.0000        1   0.000043     <anon>:...re/perl/5.14/constant.pm:114
 0.00    0.0000        1   0.000043     <anon>:...l5/Crypt/OpenSSL/Bignum.pm:5
 0.00    0.0000        1   0.000043     <anon>:...hare/perl/5.14/constant.pm:3
 0.00    0.0000        1   0.000043     <anon>:...hare/perl5/URI/Escape.pm:145
 0.00    0.0000        1   0.000043     <anon>:...lib/perl/5.14/IO/Handle.pm:6
 0.00    0.0000        1   0.000043     <anon>:...rl5/Compress/Raw/Zlib.pm:137
 0.00    0.0000        1   0.000043     <anon>:...sr/lib/perl/5.14/Socket.pm:8
 0.00    0.0000        1   0.000043     <anon>:...re/perl/5.14/IPC/Open3.pm:10
 0.00    0.0000        1   0.000043     main::setlogfile
 0.00    0.0000        1   0.000043     <anon>:.../perl/5.14/Data/Dumper.pm:20
 0.00    0.0000        1   0.000043     <anon>:...re/perl5/Compress/Zlib.pm:16
 0.00    0.0000        1   0.000043     <anon>:...hare/perl5/HTTP/Headers.pm:6
 0.00    0.0000        1   0.000043     <anon>:...O/Compress/Base/Common.pm:52
 0.00    0.0000        1   0.000043     <anon>:...perl5/Compress/Raw/Zlib.pm:9
 0.00    0.0000        1   0.000043     <anon>:...e/perl5/Module/Runtime.pm:48
 0.00    0.0000        1   0.000043     <anon>:...IO/Compress/Base/Common.pm:4
 0.00    0.0000        1   0.000042     <anon>:...8/lib/Mail/IMAPClient.pm:862
 0.00    0.0000        1   0.000042     <anon>:/usr/lib/perl5/Socket6.pm:39
 0.00    0.0000        1   0.000042     <anon>:...erl/5.14/File/Basename.pm:50
 0.00    0.0000        1   0.000042     <anon>:.../perl/5.14/Math/BigInt.pm:30
 0.00    0.0000        1   0.000042     <anon>:...38/lib/Mail/IMAPClient.pm:18
 0.00    0.0000        1   0.000042     <anon>:...e/perl5/File/GlobMapper.pm:5
 0.00    0.0000        1   0.000042     <anon>:...are/perl/5.14/constant.pm:29
 0.00    0.0000        1   0.000042     <anon>:...rl5/Compress/Raw/Zlib.pm:119
 0.00    0.0000        1   0.000042     <anon>:...JSON/WebToken/Exception.pm:4
 0.00    0.0000        2   0.000021     File::Spec::Unix::file_name_is_absolute
 0.00    0.0000        1   0.000042     <anon>:...share/perl5/HTTP/Status.pm:6
 0.00    0.0000        1   0.000042     <anon>:...hare/perl5/HTTP/Message.pm:4
 0.00    0.0000        1   0.000042     <anon>:.../perl5/IO/Compress/Base.pm:7
 0.00    0.0000        1   0.000042     <anon>:...l5/Crypt/OpenSSL/Bignum.pm:7
 0.00    0.0000        1   0.000042     <anon>:...re/perl/5.14/Time/Local.pm:6
 0.00    0.0000        1   0.000042     <anon>:.../perl5/Digest/HMAC_SHA1.pm:9
 0.00    0.0000        1   0.000042     <anon>:...re/perl5/Compress/Zlib.pm:48
 0.00    0.0000        1   0.000042     <anon>:...mpress/Gzip/Constants.pm:109
 0.00    0.0000        1   0.000042     <anon>:.../Compress/Base/Common.pm:847
 0.00    0.0000        1   0.000042     <anon>:...l5/Crypt/OpenSSL/Bignum.pm:4
 0.00    0.0000        1   0.000042     <anon>:/usr/lib/perl/5.14/IO.pm:6
 0.00    0.0000        1   0.000042     <anon>:...perl/5.14.2/Data/Uniqid.pm:5
 0.00    0.0000        1   0.000042     <anon>:...ompress/Gzip/Constants.pm:69
 0.00    0.0000        1   0.000041     <anon>:...r/share/perl/5.14/Carp.pm:46
 0.00    0.0000        1   0.000041     <anon>:...are/perl5/Compress/Zlib.pm:8
 0.00    0.0000        1   0.000041     <anon>:...5.14/Math/BigInt/Calc.pm:165
 0.00    0.0000        1   0.000041     <anon>:...ompress/Adapter/Deflate.pm:4
 0.00    0.0000        1   0.000041     <anon>:.../Compress/Base/Common.pm:150
 0.00    0.0000        1   0.000041     main::size_filtered
 0.00    0.0000        1   0.000041     <anon>:/usr/share/perl5/URI.pm:7
 0.00    0.0000        1   0.000041     <anon>:/usr/lib/perl5/Cwd.pm:171
 0.00    0.0000        1   0.000041     <anon>:...l5/File/Copy/Recursive.pm:12
 0.00    0.0000        1   0.000041     <anon>:...usr/lib/perl5/JSON/XS.pm:122
 0.00    0.0000        1   0.000041     <anon>:...re/perl/5.14/Time/Local.pm:8
 0.00    0.0000        1   0.000041     <anon>:...are/perl5/LWP/UserAgent.pm:4
 0.00    0.0000        1   0.000041     <anon>:.../lib/perl5/HTML/Parser.pm:10
 0.00    0.0000        1   0.000041     <anon>:.../IO/Compress/Zlib/Extra.pm:6
 0.00    0.0000        1   0.000041     <anon>:...ib/perl/5.14/List/Util.pm:12
 0.00    0.0000        1   0.000041     <anon>:...perl/5.14/Math/BigInt.pm:239
 0.00    0.0000        1   0.000041     <anon>:...erl5/Compress/Raw/Zlib.pm:11
 0.00    0.0000        1   0.000041     <anon>:...Compress/Gzip/Constants.pm:5
 0.00    0.0000        1   0.000041     <anon>:/usr/share/perl5/URI.pm:13
 0.00    0.0000        1   0.000041     <anon>:.../perl5/Params/Classify.pm:83
 0.00    0.0000        1   0.000041     <anon>:/usr/share/perl5/JSON.pm:6
 0.00    0.0000        1   0.000041     <anon>:/usr/lib/perl/5.14/IO.pm:8
 0.00    0.0000        1   0.000041     <anon>:...sr/lib/perl5/Net/LibIDN.pm:5
 0.00    0.0000        1   0.000041     <anon>:...e/perl/5.14/SelectSaver.pm:7
 0.00    0.0000        1   0.000041     <anon>:...Compress/Gzip/Constants.pm:4
 0.00    0.0000        1   0.000041     <anon>:.../perl/5.14/Getopt/Long.pm:45
 0.00    0.0000        1   0.000041     <anon>:...ib/perl/5.14/Digest/MD5.pm:4
 0.00    0.0000        1   0.000041     <anon>:.../perl5/Params/Classify.pm:79
 0.00    0.0000        1   0.000041     <anon>:...e/perl5/File/GlobMapper.pm:4
 0.00    0.0000        1   0.000041     <anon>:.../perl5/IO/Compress/Gzip.pm:6
 0.00    0.0000        1   0.000040     <anon>:.../Compress/Base/Common.pm:483
 0.00    0.0000        1   0.000040     <anon>:...ib/perl/5.14/IO/Socket.pm:14
 0.00    0.0000        1   0.000040     <anon>:...erl5/Compress/Raw/Zlib.pm:10
 0.00    0.0000        1   0.000040     <anon>:...ompress/Adapter/Inflate.pm:5
 0.00    0.0000        1   0.000040     <anon>:...5/IO/Uncompress/Gunzip.pm:10
 0.00    0.0000        1   0.000040     Time::HiRes::constant
 0.00    0.0000        1   0.000040     Errno::TIEHASH
 0.00    0.0000        1   0.000040     <anon>:/usr/share/perl5/IO/Tee.pm:9
 0.00    0.0000        1   0.000040     <anon>:...ompress/Adapter/Deflate.pm:5
 0.00    0.0000        1   0.000040     <anon>:.../perl5/IO/Compress/Gzip.pm:7
 0.00    0.0000        1   0.000040     <anon>:...r/share/perl5/Test/More.pm:4
 0.00    0.0000        1   0.000040     <anon>:.../Compress/Base/Common.pm:496
 0.00    0.0000        1   0.000040     <anon>:...O/Uncompress/RawInflate.pm:5
 0.00    0.0000        1   0.000040     <anon>:/usr/share/perl5/IO/Tee.pm:6
 0.00    0.0000        1   0.000040     <anon>:.../IO/Compress/RawDeflate.pm:7
 0.00    0.0000        1   0.000040     <anon>:...re/perl/5.14/File/Copy.pm:11
 0.00    0.0000        1   0.000040     <anon>:...re/perl5/Compress/Zlib.pm:17
 0.00    0.0000        1   0.000040     <anon>:...perl/5.14/Math/BigInt.pm:253
 0.00    0.0000        1   0.000040     <anon>:...ompress/Adapter/Inflate.pm:4
 0.00    0.0000        1   0.000040     <anon>:.../IO/Compress/RawDeflate.pm:6
 0.00    0.0000        1   0.000040     <anon>:...usr/lib/perl/5.14/POSIX.pm:3
 0.00    0.0000        1   0.000040     <anon>:....38/lib/Mail/IMAPClient.pm:7
 0.00    0.0000        1   0.000040     <anon>:...b/perl5/HTML/Entities.pm:140
 0.00    0.0000        1   0.000040     <anon>:.../IO/Compress/Zlib/Extra.pm:7
 0.00    0.0000        1   0.000039     <anon>:...hare/perl/5.14/constant.pm:4
 0.00    0.0000        1   0.000039     <anon>:...hare/perl/5.14/constant.pm:6
 0.00    0.0000        1   0.000039     <anon>:...erl/5.14/File/Basename.pm:52
 0.00    0.0000        1   0.000039     <anon>:...r/share/perl5/Test/More.pm:5
 0.00    0.0000        1   0.000039     <anon>:...lib/perl/5.14/IO/Handle.pm:7
 0.00    0.0000        3   0.000013     base::has_attr
 0.00    0.0000        1   0.000039     <anon>:...O/Compress/Base/Common.pm:47
 0.00    0.0000        1   0.000039     <anon>:.../perl/5.14/Getopt/Long.pm:17
 0.00    0.0000        1   0.000039     <anon>:...e/perl5/Module/Runtime.pm:49
 0.00    0.0000        1   0.000039     <anon>:.../perl/5.14/Getopt/Long.pm:49
 0.00    0.0000        1   0.000039     <anon>:...usr/lib/perl5/File/Spec.pm:4
 0.00    0.0000        1   0.000039     <anon>:...l/IMAPClient/MessageSet.pm:2
 0.00    0.0000        1   0.000039     <anon>:...rl/5.14/IO/Socket/UNIX.pm:11
 0.00    0.0000        1   0.000039     <anon>:.../perl/5.14/Getopt/Long.pm:19
 0.00    0.0000        1   0.000039     <anon>:...lib/perl/5.14/IO/Handle.pm:4
 0.00    0.0000        1   0.000039     <anon>:...ib/perl/5.14/IO/Select.pm:11
 0.00    0.0000        1   0.000039     <anon>:...sr/lib/perl/5.14/POSIX.pm:56
 0.00    0.0000        1   0.000039     <anon>:...perl5/IO/Compress/Gzip.pm:24
 0.00    0.0000        1   0.000039     <anon>:.../perl/5.14/Getopt/Long.pm:51
 0.00    0.0000        1   0.000039     main::total_bytes_max_reached
 0.00    0.0000        1   0.000038     <anon>:...rl5/Compress/Raw/Zlib.pm:138
 0.00    0.0000        1   0.000038     <anon>:.../Compress/Base/Common.pm:497
 0.00    0.0000        1   0.000038     <anon>:...perl5/IO/Compress/Base.pm:18
 0.00    0.0000        1   0.000038     <anon>:.../Compress/Base/Common.pm:153
 0.00    0.0000        2   0.000019     Config::FETCH
 0.00    0.0000        1   0.000038     <anon>:...perl/5.14/Getopt/Long.pm:220
 0.00    0.0000        1   0.000038     <anon>:...O/Compress/Base/Common.pm:48
 0.00    0.0000        1   0.000038     <anon>:...perl/5.14/Getopt/Long.pm:223
 0.00    0.0000        1   0.000038     <anon>:...perl/5.14/Getopt/Long.pm:218
 0.00    0.0000        1   0.000038     <anon>:.../Compress/Base/Common.pm:848
 0.00    0.0000        1   0.000038     <anon>:.../perl/5.14/Getopt/Long.pm:26
 0.00    0.0000        1   0.000038     <anon>:.../perl/5.14/Getopt/Long.pm:46
 0.00    0.0000        1   0.000038     <anon>:.../share/perl/5.14/Carp.pm:342
 0.00    0.0000        1   0.000038     <anon>:.../Compress/Base/Common.pm:486
 0.00    0.0000        1   0.000038     <anon>:.../Compress/Base/Common.pm:495
 0.00    0.0000        1   0.000038     <anon>:...are/perl5/Authen/NTLM.pm:193
 0.00    0.0000        1   0.000038     <anon>:...mpress/Gzip/Constants.pm:113
 0.00    0.0000        1   0.000038     <anon>:...hare/perl5/Test/Builder.pm:4
 0.00    0.0000        1   0.000038     <anon>:.../Compress/Base/Common.pm:493
 0.00    0.0000        1   0.000038     <anon>:...O/Compress/Base/Common.pm:49
 0.00    0.0000        1   0.000038     <anon>:...rl5/Compress/Raw/Zlib.pm:107
 0.00    0.0000        1   0.000037     <anon>:...hare/perl5/Test/Builder.pm:5
 0.00    0.0000        1   0.000037     <anon>:.../Compress/Base/Common.pm:489
 0.00    0.0000        1   0.000037     <anon>:...38/lib/Mail/IMAPClient.pm:24
 0.00    0.0000        1   0.000037     <anon>:.../Compress/Base/Common.pm:485
 0.00    0.0000        1   0.000037     <anon>:...ib/perl5/File/Spec/Unix.pm:4
 0.00    0.0000        1   0.000037     <anon>:...re/perl5/Compress/Zlib.pm:49
 0.00    0.0000        1   0.000037     <anon>:/usr/share/perl5/IO/Tee.pm:7
 0.00    0.0000        1   0.000037     <anon>:...hare/perl/5.14/Tie/Hash.pm:6
 0.00    0.0000        1   0.000037     <anon>:/usr/lib/perl/5.14/IO.pm:7
 0.00    0.0000        1   0.000037     <anon>:...ompress/Gzip/Constants.pm:80
 0.00    0.0000        1   0.000037     <anon>:.../Compress/Base/Common.pm:849
 0.00    0.0000        1   0.000037     <anon>:...ompress/Gzip/Constants.pm:91
 0.00    0.0000        1   0.000037     <anon>:.../Compress/Base/Common.pm:491
 0.00    0.0000        1   0.000037     <anon>:...ompress/Gzip/Constants.pm:93
 0.00    0.0000        1   0.000037     <anon>:...ib/perl/5.14/IO/Socket.pm:16
 0.00    0.0000        1   0.000037     <anon>:.../Compress/Base/Common.pm:498
 0.00    0.0000        1   0.000037     <anon>:...mpress/Gzip/Constants.pm:115
 0.00    0.0000        1   0.000037     <anon>:...ompress/Gzip/Constants.pm:86
 0.00    0.0000        1   0.000036     <anon>:...O/Uncompress/RawInflate.pm:6
 0.00    0.0000        1   0.000036     <anon>:.../Compress/Base/Common.pm:490
 0.00    0.0000        1   0.000036     <anon>:...O/Compress/Base/Common.pm:51
 0.00    0.0000        1   0.000036     <anon>:...b/perl/5.14/IO/Seekable.pm:7
 0.00    0.0000        1   0.000036     <anon>:...ompress/Gzip/Constants.pm:66
 0.00    0.0000        1   0.000036     <anon>:...rl5/Compress/Raw/Zlib.pm:141
 0.00    0.0000        1   0.000036     <anon>:...ompress/Gzip/Constants.pm:84
 0.00    0.0000        1   0.000036     <anon>:...ompress/Gzip/Constants.pm:82
 0.00    0.0000        1   0.000036     <anon>:...are/perl5/LWP/Protocol.pm:10
 0.00    0.0000        1   0.000036     <anon>:...rl/5.14/IO/Socket/INET.pm:14
 0.00    0.0000        1   0.000036     <anon>:...re/perl/5.14/File/Copy.pm:12
 0.00    0.0000        1   0.000036     <anon>:.../Compress/Base/Common.pm:494
 0.00    0.0000        1   0.000036     <anon>:...rl5/File/Copy/Recursive.pm:8
 0.00    0.0000        1   0.000036     <anon>:.../Compress/Base/Common.pm:151
 0.00    0.0000        1   0.000036     <anon>:...re/perl5/Compress/Zlib.pm:51
 0.00    0.0000        1   0.000036     <anon>:...rl/5.14/IO/Socket/INET.pm:15
 0.00    0.0000        1   0.000036     <anon>:...rl5/Compress/Raw/Zlib.pm:123
 0.00    0.0000        1   0.000036     <anon>:...e/perl/5.14/Time/Local.pm:28
 0.00    0.0000        1   0.000036     <anon>:...rl5/Compress/Raw/Zlib.pm:147
 0.00    0.0000        1   0.000036     <anon>:...ompress/Gzip/Constants.pm:75
 0.00    0.0000        1   0.000036     <anon>:...rl5/Compress/Raw/Zlib.pm:139
 0.00    0.0000        1   0.000036     <anon>:...are/perl5/Authen/NTLM.pm:195
 0.00    0.0000        1   0.000036     <anon>:...re/perl5/Compress/Zlib.pm:50
 0.00    0.0000        1   0.000036     <anon>:...O/Compress/Base/Common.pm:50
 0.00    0.0000        1   0.000036     <anon>:...rl5/Compress/Raw/Zlib.pm:144
 0.00    0.0000        1   0.000036     <anon>:...8/lib/Mail/IMAPClient.pm:597
 0.00    0.0000        1   0.000036     <anon>:...ompress/Gzip/Constants.pm:76
 0.00    0.0000        1   0.000036     <anon>:...ompress/Gzip/Constants.pm:78
 0.00    0.0000        1   0.000036     <anon>:...rl5/Compress/Raw/Zlib.pm:148
 0.00    0.0000        1   0.000036     <anon>:...ompress/Gzip/Constants.pm:89
 0.00    0.0000        1   0.000036     <anon>:...ompress/Gzip/Constants.pm:87
 0.00    0.0000        1   0.000036     <anon>:...ompress/Gzip/Constants.pm:73
 0.00    0.0000        1   0.000036     <anon>:...rl5/Compress/Raw/Zlib.pm:142
 0.00    0.0000        1   0.000036     <anon>:...sr/share/perl/5.14/Carp.pm:4
 0.00    0.0000        1   0.000036     <anon>:...mpress/Gzip/Constants.pm:111
 0.00    0.0000        1   0.000036     <anon>:...are/perl/5.14/constant.pm:52
 0.00    0.0000        1   0.000035     <anon>:...sr/lib/perl/5.14/Socket.pm:9
 0.00    0.0000        2   0.000018     <anon>:...re/perl5/Test/Builder.pm:145
 0.00    0.0000        1   0.000035     <anon>:...ompress/Gzip/Constants.pm:77
 0.00    0.0000        1   0.000035     <anon>:...rl5/Compress/Raw/Zlib.pm:140
 0.00    0.0000        1   0.000035     <anon>:...ompress/Gzip/Constants.pm:88
 0.00    0.0000        1   0.000035     <anon>:...rl5/Compress/Raw/Zlib.pm:149
 0.00    0.0000        1   0.000035     <anon>:...ompress/Gzip/Constants.pm:74
 0.00    0.0000        1   0.000035     <anon>:/usr/lib/perl5/Cwd.pm:215
 0.00    0.0000        1   0.000035     main::fix_Inbox_INBOX_mapping
 0.00    0.0000        1   0.000035     <anon>:...e/perl/5.14/AutoLoader.pm:19
 0.00    0.0000        1   0.000035     <anon>:...perl/5.14/Getopt/Long.pm:246
 0.00    0.0000        1   0.000035     <anon>:...ompress/Gzip/Constants.pm:67
 0.00    0.0000        1   0.000035     <anon>:.../lib/perl/5.14/IO/File.pm:12
 0.00    0.0000        1   0.000035     <anon>:...ompress/Gzip/Constants.pm:70
 0.00    0.0000        1   0.000035     <anon>:...mpress/Gzip/Constants.pm:114
 0.00    0.0000        1   0.000035     <anon>:...perl/5.14/Getopt/Long.pm:236
 0.00    0.0000        1   0.000035     <anon>:...rl5/Compress/Raw/Zlib.pm:146
 0.00    0.0000        1   0.000035     <anon>:...rl5/Compress/Raw/Zlib.pm:150
 0.00    0.0000        1   0.000034     <anon>:...ib/perl/5.14/IO/Select.pm:10
 0.00    0.0000        1   0.000034     <anon>:...perl/5.14/Getopt/Long.pm:247
 0.00    0.0000        1   0.000034     <anon>:...perl/5.14/Getopt/Long.pm:229
 0.00    0.0000        1   0.000034     <anon>:...perl/5.14/Getopt/Long.pm:224
 0.00    0.0000        1   0.000034     <anon>:...are/perl/5.14/IPC/Open3.pm:4
 0.00    0.0000        1   0.000033     <anon>:./imapsync:693
 0.00    0.0000        1   0.000033     <anon>:...perl/5.14/Getopt/Long.pm:226
 0.00    0.0000        1   0.000033     <anon>:...perl/5.14/Getopt/Long.pm:225
 0.00    0.0000        1   0.000033     <anon>:...e/perl/5.14/Time/Local.pm:29
 0.00    0.0000        3   0.000011     SelectSaver::DESTROY
 0.00    0.0000        1   0.000031     Test::Builder::Module::builder
 0.00    0.0000        1   0.000030     <anon>:...re/perl5/LWP/UserAgent.pm:17
 0.00    0.0000        1   0.000030     attributes::_modify_attrs_and_deprecate
 0.00    0.0000        1   0.000030     main::check_lib_version
 0.00    0.0000        1   0.000030     <anon>:...re/perl/5.14/File/Copy.pm:53
 0.00    0.0000        1   0.000029     main::imapsync_basename
 0.00    0.0000        1   0.000029     main::sort_requested_folders
 0.00    0.0000        1   0.000029     main::errorsdump
 0.00    0.0000        1   0.000029     utf8::import
 0.00    0.0000        1   0.000029     main::acls_sync
 0.00    0.0000        1   0.000028     <anon>:...re/perl5/LWP/UserAgent.pm:14
 0.00    0.0000        1   0.000028     <anon>:.../perl/5.14/Getopt/Long.pm:42
 0.00    0.0000        1   0.000028     Tie::StdHash::TIEHASH
 0.00    0.0000        1   0.000027     IO::Tee::TIEHANDLE
 0.00    0.0000        1   0.000026     <anon>:/usr/share/perl5/JSON.pm:13
 0.00    0.0000        1   0.000026     <anon>:...re/perl/5.14/File/Path.pm:16
 0.00    0.0000        3   0.000009     Test::Builder::is_fh
 0.00    0.0000        1   0.000025     Test::Builder::output
 0.00    0.0000        1   0.000025     <anon>:/usr/lib/perl/5.14/IO.pm:5
 0.00    0.0000        1   0.000025     Test::Builder::failure_output
 0.00    0.0000        1   0.000025     Test::Builder::todo_output
 0.00    0.0000        1   0.000025     main::add_to_requested_folders
 0.00    0.0000        1   0.000024     main::imap_id_stuff
 0.00    0.0000        1   0.000024     Getopt::Long::ConfigDefaults
 0.00    0.0000        1   0.000024     <anon>:./imapsync:1675
 0.00    0.0000        1   0.000023     <anon>:/usr/share/perl5/URI.pm:21
 0.00    0.0000        1   0.000023     Math::BigInt::Calc::import
 0.00    0.0000        1   0.000023     <anon>:...are/perl5/Test/Builder.pm:14
 0.00    0.0000        1   0.000023     <anon>:/usr/share/perl5/JSON.pm:5
 0.00    0.0000        1   0.000023     <anon>:.../lib/Mail/IMAPClient.pm:3394
 0.00    0.0000        1   0.000023     Getopt::Long::Configure
 0.00    0.0000        1   0.000023     <anon>:.../lib/perl/5.14/Socket.pm:243
 0.00    0.0000        1   0.000023     <anon>:...are/perl/5.14/File/Path.pm:7
 0.00    0.0000        3   0.000008     Term::ReadKey::blockoptions
 0.00    0.0000        1   0.000022     <anon>:.../lib/Mail/IMAPClient.pm:2428
 0.00    0.0000        1   0.000022     <anon>:.../perl5/IO/Socket/INET6.pm:24
 0.00    0.0000        1   0.000022     <anon>:...perl5/IO/Compress/Base.pm:16
 0.00    0.0000        1   0.000021     <anon>:.../lib/Mail/IMAPClient.pm:2544
 0.00    0.0000        1   0.000021     <anon>:...hare/perl5/HTTP/Headers.pm:4
 0.00    0.0000        1   0.000021     <anon>:...8/lib/Mail/IMAPClient.pm:937
 0.00    0.0000        1   0.000020     <anon>:/usr/share/perl5/URI.pm:22
 0.00    0.0000        1   0.000020     <anon>:...rl5/File/Copy/Recursive.pm:7
 0.00    0.0000        1   0.000020     <anon>:...lib/perl/5.14/IO/Handle.pm:8
 0.00    0.0000        1   0.000020     <anon>:...38/lib/Mail/IMAPClient.pm:22
 0.00    0.0000        1   0.000019     <anon>:.../lib/Mail/IMAPClient.pm:1831
 0.00    0.0000        1   0.000019     Test::Builder::Module::_strip_imports
 0.00    0.0000        1   0.000019     <anon>:...hare/perl5/LWP/Protocol.pm:9
 0.00    0.0000        1   0.000019     <anon>:...hare/perl5/LWP/Protocol.pm:8
 0.00    0.0000        1   0.000019     <anon>:...perl5/IO/Compress/Base.pm:17
 0.00    0.0000        1   0.000018     <anon>:...re/perl/5.14/File/Path.pm:18
 0.00    0.0000        1   0.000018     Test::Builder::is_passing
 0.00    0.0000        1   0.000017     <anon>:...are/perl/5.14/File/Path.pm:8
 0.00    0.0000        1   0.000016     main::thank_author
 0.00    0.0000        1   0.000016     Test::More::import_extra
 0.00    0.0000        1   0.000014     Test::Builder::exported_to
 0.00    0.0000        1   0.000013     integer::unimport
 0.00    0.0000        1   0.000012     attributes::_modify_attrs
 0.00    0.0000        1   0.000011     attributes::reftype
 0.00    0.0000        1   0.000009     Test::Builder::plan
 0.00    0.0000        1   0.000007     Math::BigInt::Calc::api_version
 0.00    0.0000        1   0.000006     File::Glob::GLOB_CSH
